---------------------------------------------------------------
[ 2019-04-04T20:47:11+08:00 ] 203.208.60.13 GET /pictures/show/71.html
[ sql ] [ DB ] CONNECT:[ UseTime:0.019486904144287109375000000000s ] mysql:host=localhost;dbname=1975386453;charset=utf8
[ sql ] [ SQL ] SHOW COLUMNS FROM `qm_category` [ RunTime:0.002236s ]
[ sql ] [ SQL ] SELECT `id`,`name`,`type` FROM `qm_category` WHERE  `pid` = 0  AND `isshow` = 1 ORDER BY `sort` DESC,`id` ASC [ RunTime:0.000699s ]
[ sql ] [ SQL ] SELECT `id`,`name`,`type` FROM `qm_category` WHERE  `pid` = 42  AND `isshow` = 1 ORDER BY `sort` DESC,`id` ASC [ RunTime:0.000406s ]
[ sql ] [ SQL ] SELECT `id`,`name`,`type` FROM `qm_category` WHERE  `pid` = 29  AND `isshow` = 1 ORDER BY `sort` DESC,`id` ASC [ RunTime:0.000327s ]
[ sql ] [ SQL ] SELECT `id`,`name`,`type` FROM `qm_category` WHERE  `pid` = 33  AND `isshow` = 1 ORDER BY `sort` DESC,`id` ASC [ RunTime:0.000357s ]
[ sql ] [ SQL ] SELECT `id`,`name`,`type` FROM `qm_category` WHERE  `pid` = 45  AND `isshow` = 1 ORDER BY `sort` DESC,`id` ASC [ RunTime:0.000332s ]
[ sql ] [ SQL ] SHOW COLUMNS FROM `qm_config` [ RunTime:0.001924s ]
[ sql ] [ SQL ] SELECT `config` FROM `qm_config` LIMIT 1 [ RunTime:0.000373s ]
[ sql ] [ SQL ] SELECT `id`,`name`,`type` FROM `qm_category` WHERE  `mark` = 'pictures' [ RunTime:0.000291s ]
[ sql ] [ SQL ] SHOW COLUMNS FROM `qm_article` [ RunTime:0.004317s ]
[ sql ] [ SQL ] SELECT `a`.*,`b`.`pic` FROM `qm_article` `a` INNER JOIN `qm_pics` `b` ON `b`.`aid`=`a`.`id` WHERE  `a`.`id` = '71' [ RunTime:0.001820s ]
[ sql ] [ SQL ] SELECT * FROM `qm_category` WHERE  `id` = 46 LIMIT 1 [ RunTime:0.000330s ]
[ sql ] [ SQL ] SELECT * FROM `qm_category` WHERE  `pid` = 42 LIMIT 1 [ RunTime:0.000790s ]
[ sql ] [ SQL ] SELECT * FROM `qm_category` WHERE  `pid` = 43 LIMIT 1 [ RunTime:0.000372s ]
[ sql ] [ SQL ] SELECT * FROM `qm_category` WHERE  `pid` = 44 LIMIT 1 [ RunTime:0.000373s ]
[ sql ] [ SQL ] SELECT * FROM `qm_category` WHERE  `pid` = 51 LIMIT 1 [ RunTime:0.000363s ]
[ sql ] [ SQL ] SELECT * FROM `qm_category` WHERE  `pid` = 52 LIMIT 1 [ RunTime:0.000343s ]
[ sql ] [ SQL ] SELECT * FROM `qm_category` WHERE  `pid` = 53 LIMIT 1 [ RunTime:0.000330s ]
[ sql ] [ SQL ] SELECT * FROM `qm_category` WHERE  `pid` = 29 LIMIT 1 [ RunTime:0.000351s ]
[ sql ] [ SQL ] SELECT * FROM `qm_category` WHERE  `pid` = 33 LIMIT 1 [ RunTime:0.000339s ]
[ sql ] [ SQL ] SELECT * FROM `qm_category` WHERE  `pid` = 37 LIMIT 1 [ RunTime:0.000330s ]
[ sql ] [ SQL ] SELECT * FROM `qm_category` WHERE  `pid` = 46 LIMIT 1 [ RunTime:0.000356s ]
[ sql ] [ SQL ] SELECT * FROM `qm_category` WHERE  `pid` = 47 LIMIT 1 [ RunTime:0.000337s ]
[ sql ] [ SQL ] SELECT * FROM `qm_category` WHERE  `pid` = 45 LIMIT 1 [ RunTime:0.000340s ]
[ sql ] [ SQL ] SELECT `pic`,`pid` FROM `qm_category` WHERE  `id` = 46 LIMIT 1 [ RunTime:0.000311s ]
[ sql ] [ SQL ] SELECT `pic`,`pid` FROM `qm_category` WHERE  `id` = 33 LIMIT 1 [ RunTime:0.000289s ]
[ sql ] [ SQL ] SELECT `id`,`name`,`pid` FROM `qm_category` WHERE  `id` = 46 LIMIT 1 [ RunTime:0.000306s ]
[ sql ] [ SQL ] SELECT `id`,`name`,`pid` FROM `qm_category` WHERE  `id` = 33 LIMIT 1 [ RunTime:0.000313s ]
[ sql ] [ SQL ] SELECT * FROM `qm_category` WHERE  `pid` = 37 LIMIT 1 [ RunTime:0.000346s ]
[ sql ] [ SQL ] SELECT * FROM `qm_category` WHERE  `pid` = 46 LIMIT 1 [ RunTime:0.000327s ]
[ sql ] [ SQL ] SELECT * FROM `qm_category` WHERE  `pid` = 47 LIMIT 1 [ RunTime:0.000338s ]
