---------------------------------------------------------------
[ 2019-04-08T01:36:45+08:00 ] 203.208.60.90 GET /
[ sql ] [ DB ] CONNECT:[ UseTime:0.001463890075683593750000000000s ] mysql:host=localhost;dbname=1975386453;charset=utf8
[ sql ] [ SQL ] SHOW COLUMNS FROM `qm_category` [ RunTime:0.001563s ]
[ sql ] [ SQL ] SELECT `id`,`name`,`type` FROM `qm_category` WHERE  `pid` = 0  AND `isshow` = 1 ORDER BY `sort` DESC,`id` ASC [ RunTime:0.000620s ]
[ sql ] [ SQL ] SELECT `id`,`name`,`type` FROM `qm_category` WHERE  `pid` = 42  AND `isshow` = 1 ORDER BY `sort` DESC,`id` ASC [ RunTime:0.000357s ]
[ sql ] [ SQL ] SELECT `id`,`name`,`type` FROM `qm_category` WHERE  `pid` = 29  AND `isshow` = 1 ORDER BY `sort` DESC,`id` ASC [ RunTime:0.000337s ]
[ sql ] [ SQL ] SELECT `id`,`name`,`type` FROM `qm_category` WHERE  `pid` = 33  AND `isshow` = 1 ORDER BY `sort` DESC,`id` ASC [ RunTime:0.000345s ]
[ sql ] [ SQL ] SELECT `id`,`name`,`type` FROM `qm_category` WHERE  `pid` = 45  AND `isshow` = 1 ORDER BY `sort` DESC,`id` ASC [ RunTime:0.000340s ]
[ sql ] [ SQL ] SHOW COLUMNS FROM `qm_config` [ RunTime:0.001351s ]
[ sql ] [ SQL ] SELECT `config` FROM `qm_config` LIMIT 1 [ RunTime:0.000408s ]
[ sql ] [ SQL ] SHOW COLUMNS FROM `qm_banner` [ RunTime:0.001269s ]
[ sql ] [ SQL ] SELECT `title`,`pic`,`url` FROM `qm_banner` WHERE  `isshow` = 1 ORDER BY `sort` ASC [ RunTime:0.000537s ]
[ sql ] [ SQL ] SELECT `content`,`name`,`keyword` FROM `qm_category` WHERE  `mark` = 'about' LIMIT 1 [ RunTime:0.000293s ]
[ sql ] [ SQL ] SELECT `id` FROM `qm_category` WHERE  `mark` = 'pictures' LIMIT 1 [ RunTime:0.000267s ]
[ sql ] [ SQL ] SELECT `id`,`name` FROM `qm_category` WHERE  `pid` = 33 [ RunTime:0.000281s ]
[ sql ] [ SQL ] SHOW COLUMNS FROM `qm_article` [ RunTime:0.001266s ]
[ sql ] [ SQL ] SELECT `a`.`id`,`a`.`title`,`a`.`cid`,`b`.`pic` FROM `qm_article` `a` INNER JOIN `qm_pics` `b` ON `b`.`aid`=`a`.`id` WHERE  `a`.`cid` = 37  AND `a`.`istop` = 1 [ RunTime:0.001457s ]
[ sql ] [ SQL ] SELECT `a`.`id`,`a`.`title`,`a`.`cid`,`b`.`pic` FROM `qm_article` `a` INNER JOIN `qm_pics` `b` ON `b`.`aid`=`a`.`id` WHERE  `a`.`cid` = 46  AND `a`.`istop` = 1 [ RunTime:0.000521s ]
[ sql ] [ SQL ] SELECT `a`.`id`,`a`.`title`,`a`.`cid`,`b`.`pic` FROM `qm_article` `a` INNER JOIN `qm_pics` `b` ON `b`.`aid`=`a`.`id` WHERE  `a`.`cid` = 47  AND `a`.`istop` = 1 [ RunTime:0.000473s ]
[ sql ] [ SQL ] SELECT `id`,`name`,`pid`,`keyword` FROM `qm_category` WHERE  `id` = 46 [ RunTime:0.000261s ]
[ sql ] [ SQL ] SELECT `id`,`name`,`pid`,`keyword` FROM `qm_category` WHERE  `id` = 33 [ RunTime:0.000284s ]
[ sql ] [ SQL ] SELECT * FROM `qm_category` WHERE  `pid` = 42 LIMIT 1 [ RunTime:0.000364s ]
[ sql ] [ SQL ] SELECT * FROM `qm_category` WHERE  `pid` = 43 LIMIT 1 [ RunTime:0.000318s ]
[ sql ] [ SQL ] SELECT * FROM `qm_category` WHERE  `pid` = 44 LIMIT 1 [ RunTime:0.000368s ]
[ sql ] [ SQL ] SELECT * FROM `qm_category` WHERE  `pid` = 51 LIMIT 1 [ RunTime:0.000313s ]
[ sql ] [ SQL ] SELECT * FROM `qm_category` WHERE  `pid` = 52 LIMIT 1 [ RunTime:0.000333s ]
[ sql ] [ SQL ] SELECT * FROM `qm_category` WHERE  `pid` = 53 LIMIT 1 [ RunTime:0.000307s ]
[ sql ] [ SQL ] SELECT * FROM `qm_category` WHERE  `pid` = 29 LIMIT 1 [ RunTime:0.000307s ]
[ sql ] [ SQL ] SELECT * FROM `qm_category` WHERE  `pid` = 33 LIMIT 1 [ RunTime:0.000294s ]
[ sql ] [ SQL ] SELECT * FROM `qm_category` WHERE  `pid` = 37 LIMIT 1 [ RunTime:0.000300s ]
[ sql ] [ SQL ] SELECT * FROM `qm_category` WHERE  `pid` = 46 LIMIT 1 [ RunTime:0.000311s ]
[ sql ] [ SQL ] SELECT * FROM `qm_category` WHERE  `pid` = 47 LIMIT 1 [ RunTime:0.000313s ]
[ sql ] [ SQL ] SELECT * FROM `qm_category` WHERE  `pid` = 45 LIMIT 1 [ RunTime:0.000332s ]
---------------------------------------------------------------
[ 2019-04-08T01:38:44+08:00 ] 203.208.60.50 GET /
[ sql ] [ DB ] CONNECT:[ UseTime:0.000588893890380859375000000000s ] mysql:host=localhost;dbname=1975386453;charset=utf8
[ sql ] [ SQL ] SHOW COLUMNS FROM `qm_category` [ RunTime:0.001202s ]
[ sql ] [ SQL ] SELECT `id`,`name`,`type` FROM `qm_category` WHERE  `pid` = 0  AND `isshow` = 1 ORDER BY `sort` DESC,`id` ASC [ RunTime:0.000411s ]
[ sql ] [ SQL ] SELECT `id`,`name`,`type` FROM `qm_category` WHERE  `pid` = 42  AND `isshow` = 1 ORDER BY `sort` DESC,`id` ASC [ RunTime:0.000364s ]
[ sql ] [ SQL ] SELECT `id`,`name`,`type` FROM `qm_category` WHERE  `pid` = 29  AND `isshow` = 1 ORDER BY `sort` DESC,`id` ASC [ RunTime:0.000338s ]
[ sql ] [ SQL ] SELECT `id`,`name`,`type` FROM `qm_category` WHERE  `pid` = 33  AND `isshow` = 1 ORDER BY `sort` DESC,`id` ASC [ RunTime:0.000345s ]
[ sql ] [ SQL ] SELECT `id`,`name`,`type` FROM `qm_category` WHERE  `pid` = 45  AND `isshow` = 1 ORDER BY `sort` DESC,`id` ASC [ RunTime:0.000403s ]
[ sql ] [ SQL ] SHOW COLUMNS FROM `qm_config` [ RunTime:0.000898s ]
[ sql ] [ SQL ] SELECT `config` FROM `qm_config` LIMIT 1 [ RunTime:0.000252s ]
[ sql ] [ SQL ] SHOW COLUMNS FROM `qm_banner` [ RunTime:0.000840s ]
[ sql ] [ SQL ] SELECT `title`,`pic`,`url` FROM `qm_banner` WHERE  `isshow` = 1 ORDER BY `sort` ASC [ RunTime:0.000308s ]
[ sql ] [ SQL ] SELECT `content`,`name`,`keyword` FROM `qm_category` WHERE  `mark` = 'about' LIMIT 1 [ RunTime:0.000323s ]
[ sql ] [ SQL ] SELECT `id` FROM `qm_category` WHERE  `mark` = 'pictures' LIMIT 1 [ RunTime:0.000268s ]
[ sql ] [ SQL ] SELECT `id`,`name` FROM `qm_category` WHERE  `pid` = 33 [ RunTime:0.000303s ]
[ sql ] [ SQL ] SHOW COLUMNS FROM `qm_article` [ RunTime:0.000916s ]
[ sql ] [ SQL ] SELECT `a`.`id`,`a`.`title`,`a`.`cid`,`b`.`pic` FROM `qm_article` `a` INNER JOIN `qm_pics` `b` ON `b`.`aid`=`a`.`id` WHERE  `a`.`cid` = 37  AND `a`.`istop` = 1 [ RunTime:0.000629s ]
[ sql ] [ SQL ] SELECT `a`.`id`,`a`.`title`,`a`.`cid`,`b`.`pic` FROM `qm_article` `a` INNER JOIN `qm_pics` `b` ON `b`.`aid`=`a`.`id` WHERE  `a`.`cid` = 46  AND `a`.`istop` = 1 [ RunTime:0.000554s ]
[ sql ] [ SQL ] SELECT `a`.`id`,`a`.`title`,`a`.`cid`,`b`.`pic` FROM `qm_article` `a` INNER JOIN `qm_pics` `b` ON `b`.`aid`=`a`.`id` WHERE  `a`.`cid` = 47  AND `a`.`istop` = 1 [ RunTime:0.000499s ]
[ sql ] [ SQL ] SELECT `id`,`name`,`pid`,`keyword` FROM `qm_category` WHERE  `id` = 46 [ RunTime:0.000292s ]
[ sql ] [ SQL ] SELECT `id`,`name`,`pid`,`keyword` FROM `qm_category` WHERE  `id` = 33 [ RunTime:0.000319s ]
[ sql ] [ SQL ] SELECT * FROM `qm_category` WHERE  `pid` = 42 LIMIT 1 [ RunTime:0.000338s ]
[ sql ] [ SQL ] SELECT * FROM `qm_category` WHERE  `pid` = 43 LIMIT 1 [ RunTime:0.000340s ]
[ sql ] [ SQL ] SELECT * FROM `qm_category` WHERE  `pid` = 44 LIMIT 1 [ RunTime:0.000304s ]
[ sql ] [ SQL ] SELECT * FROM `qm_category` WHERE  `pid` = 51 LIMIT 1 [ RunTime:0.000335s ]
[ sql ] [ SQL ] SELECT * FROM `qm_category` WHERE  `pid` = 52 LIMIT 1 [ RunTime:0.000360s ]
[ sql ] [ SQL ] SELECT * FROM `qm_category` WHERE  `pid` = 53 LIMIT 1 [ RunTime:0.000300s ]
[ sql ] [ SQL ] SELECT * FROM `qm_category` WHERE  `pid` = 29 LIMIT 1 [ RunTime:0.000338s ]
[ sql ] [ SQL ] SELECT * FROM `qm_category` WHERE  `pid` = 33 LIMIT 1 [ RunTime:0.000321s ]
[ sql ] [ SQL ] SELECT * FROM `qm_category` WHERE  `pid` = 37 LIMIT 1 [ RunTime:0.000310s ]
[ sql ] [ SQL ] SELECT * FROM `qm_category` WHERE  `pid` = 46 LIMIT 1 [ RunTime:0.000357s ]
[ sql ] [ SQL ] SELECT * FROM `qm_category` WHERE  `pid` = 47 LIMIT 1 [ RunTime:0.000324s ]
[ sql ] [ SQL ] SELECT * FROM `qm_category` WHERE  `pid` = 45 LIMIT 1 [ RunTime:0.000310s ]
---------------------------------------------------------------
[ 2019-04-08T09:57:20+08:00 ] 203.208.60.61 GET /
[ sql ] [ DB ] CONNECT:[ UseTime:0.001691102981567382812500000000s ] mysql:host=localhost;dbname=1975386453;charset=utf8
[ sql ] [ SQL ] SHOW COLUMNS FROM `qm_category` [ RunTime:0.001674s ]
[ sql ] [ SQL ] SELECT `id`,`name`,`type` FROM `qm_category` WHERE  `pid` = 0  AND `isshow` = 1 ORDER BY `sort` DESC,`id` ASC [ RunTime:0.000654s ]
[ sql ] [ SQL ] SELECT `id`,`name`,`type` FROM `qm_category` WHERE  `pid` = 42  AND `isshow` = 1 ORDER BY `sort` DESC,`id` ASC [ RunTime:0.000367s ]
[ sql ] [ SQL ] SELECT `id`,`name`,`type` FROM `qm_category` WHERE  `pid` = 29  AND `isshow` = 1 ORDER BY `sort` DESC,`id` ASC [ RunTime:0.000324s ]
[ sql ] [ SQL ] SELECT `id`,`name`,`type` FROM `qm_category` WHERE  `pid` = 33  AND `isshow` = 1 ORDER BY `sort` DESC,`id` ASC [ RunTime:0.000333s ]
[ sql ] [ SQL ] SELECT `id`,`name`,`type` FROM `qm_category` WHERE  `pid` = 45  AND `isshow` = 1 ORDER BY `sort` DESC,`id` ASC [ RunTime:0.000350s ]
[ sql ] [ SQL ] SHOW COLUMNS FROM `qm_config` [ RunTime:0.001374s ]
[ sql ] [ SQL ] SELECT `config` FROM `qm_config` LIMIT 1 [ RunTime:0.000408s ]
[ sql ] [ SQL ] SHOW COLUMNS FROM `qm_banner` [ RunTime:0.001203s ]
[ sql ] [ SQL ] SELECT `title`,`pic`,`url` FROM `qm_banner` WHERE  `isshow` = 1 ORDER BY `sort` ASC [ RunTime:0.000435s ]
[ sql ] [ SQL ] SELECT `content`,`name`,`keyword` FROM `qm_category` WHERE  `mark` = 'about' LIMIT 1 [ RunTime:0.000322s ]
[ sql ] [ SQL ] SELECT `id` FROM `qm_category` WHERE  `mark` = 'pictures' LIMIT 1 [ RunTime:0.000269s ]
[ sql ] [ SQL ] SELECT `id`,`name` FROM `qm_category` WHERE  `pid` = 33 [ RunTime:0.000292s ]
[ sql ] [ SQL ] SHOW COLUMNS FROM `qm_article` [ RunTime:0.001355s ]
[ sql ] [ SQL ] SELECT `a`.`id`,`a`.`title`,`a`.`cid`,`b`.`pic` FROM `qm_article` `a` INNER JOIN `qm_pics` `b` ON `b`.`aid`=`a`.`id` WHERE  `a`.`cid` = 37  AND `a`.`istop` = 1 [ RunTime:0.001970s ]
[ sql ] [ SQL ] SELECT `a`.`id`,`a`.`title`,`a`.`cid`,`b`.`pic` FROM `qm_article` `a` INNER JOIN `qm_pics` `b` ON `b`.`aid`=`a`.`id` WHERE  `a`.`cid` = 46  AND `a`.`istop` = 1 [ RunTime:0.000528s ]
[ sql ] [ SQL ] SELECT `a`.`id`,`a`.`title`,`a`.`cid`,`b`.`pic` FROM `qm_article` `a` INNER JOIN `qm_pics` `b` ON `b`.`aid`=`a`.`id` WHERE  `a`.`cid` = 47  AND `a`.`istop` = 1 [ RunTime:0.000521s ]
[ sql ] [ SQL ] SELECT `id`,`name`,`pid`,`keyword` FROM `qm_category` WHERE  `id` = 46 [ RunTime:0.000303s ]
[ sql ] [ SQL ] SELECT `id`,`name`,`pid`,`keyword` FROM `qm_category` WHERE  `id` = 33 [ RunTime:0.000301s ]
[ sql ] [ SQL ] SELECT * FROM `qm_category` WHERE  `pid` = 42 LIMIT 1 [ RunTime:0.000487s ]
[ sql ] [ SQL ] SELECT * FROM `qm_category` WHERE  `pid` = 43 LIMIT 1 [ RunTime:0.000358s ]
[ sql ] [ SQL ] SELECT * FROM `qm_category` WHERE  `pid` = 44 LIMIT 1 [ RunTime:0.000331s ]
[ sql ] [ SQL ] SELECT * FROM `qm_category` WHERE  `pid` = 51 LIMIT 1 [ RunTime:0.000321s ]
[ sql ] [ SQL ] SELECT * FROM `qm_category` WHERE  `pid` = 52 LIMIT 1 [ RunTime:0.000449s ]
[ sql ] [ SQL ] SELECT * FROM `qm_category` WHERE  `pid` = 53 LIMIT 1 [ RunTime:0.000330s ]
[ sql ] [ SQL ] SELECT * FROM `qm_category` WHERE  `pid` = 29 LIMIT 1 [ RunTime:0.000320s ]
[ sql ] [ SQL ] SELECT * FROM `qm_category` WHERE  `pid` = 33 LIMIT 1 [ RunTime:0.000351s ]
[ sql ] [ SQL ] SELECT * FROM `qm_category` WHERE  `pid` = 37 LIMIT 1 [ RunTime:0.000329s ]
[ sql ] [ SQL ] SELECT * FROM `qm_category` WHERE  `pid` = 46 LIMIT 1 [ RunTime:0.000321s ]
[ sql ] [ SQL ] SELECT * FROM `qm_category` WHERE  `pid` = 47 LIMIT 1 [ RunTime:0.000344s ]
[ sql ] [ SQL ] SELECT * FROM `qm_category` WHERE  `pid` = 45 LIMIT 1 [ RunTime:0.000329s ]
---------------------------------------------------------------
[ 2019-04-08T10:59:22+08:00 ] 203.208.60.45 GET /
[ sql ] [ DB ] CONNECT:[ UseTime:0.001530885696411132812500000000s ] mysql:host=localhost;dbname=1975386453;charset=utf8
[ sql ] [ SQL ] SHOW COLUMNS FROM `qm_category` [ RunTime:0.001799s ]
[ sql ] [ SQL ] SELECT `id`,`name`,`type` FROM `qm_category` WHERE  `pid` = 0  AND `isshow` = 1 ORDER BY `sort` DESC,`id` ASC [ RunTime:0.000734s ]
[ sql ] [ SQL ] SELECT `id`,`name`,`type` FROM `qm_category` WHERE  `pid` = 42  AND `isshow` = 1 ORDER BY `sort` DESC,`id` ASC [ RunTime:0.000374s ]
[ sql ] [ SQL ] SELECT `id`,`name`,`type` FROM `qm_category` WHERE  `pid` = 29  AND `isshow` = 1 ORDER BY `sort` DESC,`id` ASC [ RunTime:0.000334s ]
[ sql ] [ SQL ] SELECT `id`,`name`,`type` FROM `qm_category` WHERE  `pid` = 33  AND `isshow` = 1 ORDER BY `sort` DESC,`id` ASC [ RunTime:0.000331s ]
[ sql ] [ SQL ] SELECT `id`,`name`,`type` FROM `qm_category` WHERE  `pid` = 45  AND `isshow` = 1 ORDER BY `sort` DESC,`id` ASC [ RunTime:0.000472s ]
[ sql ] [ SQL ] SHOW COLUMNS FROM `qm_config` [ RunTime:0.001438s ]
[ sql ] [ SQL ] SELECT `config` FROM `qm_config` LIMIT 1 [ RunTime:0.000391s ]
[ sql ] [ SQL ] SHOW COLUMNS FROM `qm_banner` [ RunTime:0.001452s ]
[ sql ] [ SQL ] SELECT `title`,`pic`,`url` FROM `qm_banner` WHERE  `isshow` = 1 ORDER BY `sort` ASC [ RunTime:0.000968s ]
[ sql ] [ SQL ] SELECT `content`,`name`,`keyword` FROM `qm_category` WHERE  `mark` = 'about' LIMIT 1 [ RunTime:0.000388s ]
[ sql ] [ SQL ] SELECT `id` FROM `qm_category` WHERE  `mark` = 'pictures' LIMIT 1 [ RunTime:0.000426s ]
[ sql ] [ SQL ] SELECT `id`,`name` FROM `qm_category` WHERE  `pid` = 33 [ RunTime:0.000308s ]
[ sql ] [ SQL ] SHOW COLUMNS FROM `qm_article` [ RunTime:0.001447s ]
[ sql ] [ SQL ] SELECT `a`.`id`,`a`.`title`,`a`.`cid`,`b`.`pic` FROM `qm_article` `a` INNER JOIN `qm_pics` `b` ON `b`.`aid`=`a`.`id` WHERE  `a`.`cid` = 37  AND `a`.`istop` = 1 [ RunTime:0.001811s ]
[ sql ] [ SQL ] SELECT `a`.`id`,`a`.`title`,`a`.`cid`,`b`.`pic` FROM `qm_article` `a` INNER JOIN `qm_pics` `b` ON `b`.`aid`=`a`.`id` WHERE  `a`.`cid` = 46  AND `a`.`istop` = 1 [ RunTime:0.000560s ]
[ sql ] [ SQL ] SELECT `a`.`id`,`a`.`title`,`a`.`cid`,`b`.`pic` FROM `qm_article` `a` INNER JOIN `qm_pics` `b` ON `b`.`aid`=`a`.`id` WHERE  `a`.`cid` = 47  AND `a`.`istop` = 1 [ RunTime:0.000523s ]
[ sql ] [ SQL ] SELECT `id`,`name`,`pid`,`keyword` FROM `qm_category` WHERE  `id` = 46 [ RunTime:0.000296s ]
[ sql ] [ SQL ] SELECT `id`,`name`,`pid`,`keyword` FROM `qm_category` WHERE  `id` = 33 [ RunTime:0.000316s ]
[ sql ] [ SQL ] SELECT * FROM `qm_category` WHERE  `pid` = 42 LIMIT 1 [ RunTime:0.000398s ]
[ sql ] [ SQL ] SELECT * FROM `qm_category` WHERE  `pid` = 43 LIMIT 1 [ RunTime:0.000323s ]
[ sql ] [ SQL ] SELECT * FROM `qm_category` WHERE  `pid` = 44 LIMIT 1 [ RunTime:0.000328s ]
[ sql ] [ SQL ] SELECT * FROM `qm_category` WHERE  `pid` = 51 LIMIT 1 [ RunTime:0.000338s ]
[ sql ] [ SQL ] SELECT * FROM `qm_category` WHERE  `pid` = 52 LIMIT 1 [ RunTime:0.000315s ]
[ sql ] [ SQL ] SELECT * FROM `qm_category` WHERE  `pid` = 53 LIMIT 1 [ RunTime:0.000337s ]
[ sql ] [ SQL ] SELECT * FROM `qm_category` WHERE  `pid` = 29 LIMIT 1 [ RunTime:0.000313s ]
[ sql ] [ SQL ] SELECT * FROM `qm_category` WHERE  `pid` = 33 LIMIT 1 [ RunTime:0.000311s ]
[ sql ] [ SQL ] SELECT * FROM `qm_category` WHERE  `pid` = 37 LIMIT 1 [ RunTime:0.000341s ]
[ sql ] [ SQL ] SELECT * FROM `qm_category` WHERE  `pid` = 46 LIMIT 1 [ RunTime:0.000313s ]
[ sql ] [ SQL ] SELECT * FROM `qm_category` WHERE  `pid` = 47 LIMIT 1 [ RunTime:0.000327s ]
[ sql ] [ SQL ] SELECT * FROM `qm_category` WHERE  `pid` = 45 LIMIT 1 [ RunTime:0.000313s ]
---------------------------------------------------------------
[ 2019-04-08T19:15:43+08:00 ] 203.208.60.63 GET /
[ sql ] [ DB ] CONNECT:[ UseTime:0.002030134201049804687500000000s ] mysql:host=localhost;dbname=1975386453;charset=utf8
[ sql ] [ SQL ] SHOW COLUMNS FROM `qm_category` [ RunTime:0.012377s ]
[ sql ] [ SQL ] SELECT `id`,`name`,`type` FROM `qm_category` WHERE  `pid` = 0  AND `isshow` = 1 ORDER BY `sort` DESC,`id` ASC [ RunTime:0.000735s ]
[ sql ] [ SQL ] SELECT `id`,`name`,`type` FROM `qm_category` WHERE  `pid` = 42  AND `isshow` = 1 ORDER BY `sort` DESC,`id` ASC [ RunTime:0.000389s ]
[ sql ] [ SQL ] SELECT `id`,`name`,`type` FROM `qm_category` WHERE  `pid` = 29  AND `isshow` = 1 ORDER BY `sort` DESC,`id` ASC [ RunTime:0.000323s ]
[ sql ] [ SQL ] SELECT `id`,`name`,`type` FROM `qm_category` WHERE  `pid` = 33  AND `isshow` = 1 ORDER BY `sort` DESC,`id` ASC [ RunTime:0.000376s ]
[ sql ] [ SQL ] SELECT `id`,`name`,`type` FROM `qm_category` WHERE  `pid` = 45  AND `isshow` = 1 ORDER BY `sort` DESC,`id` ASC [ RunTime:0.000346s ]
[ sql ] [ SQL ] SHOW COLUMNS FROM `qm_config` [ RunTime:0.001699s ]
[ sql ] [ SQL ] SELECT `config` FROM `qm_config` LIMIT 1 [ RunTime:0.000361s ]
[ sql ] [ SQL ] SHOW COLUMNS FROM `qm_banner` [ RunTime:0.001295s ]
[ sql ] [ SQL ] SELECT `title`,`pic`,`url` FROM `qm_banner` WHERE  `isshow` = 1 ORDER BY `sort` ASC [ RunTime:0.000411s ]
[ sql ] [ SQL ] SELECT `content`,`name`,`keyword` FROM `qm_category` WHERE  `mark` = 'about' LIMIT 1 [ RunTime:0.000275s ]
[ sql ] [ SQL ] SELECT `id` FROM `qm_category` WHERE  `mark` = 'pictures' LIMIT 1 [ RunTime:0.000294s ]
[ sql ] [ SQL ] SELECT `id`,`name` FROM `qm_category` WHERE  `pid` = 33 [ RunTime:0.000284s ]
[ sql ] [ SQL ] SHOW COLUMNS FROM `qm_article` [ RunTime:0.001573s ]
[ sql ] [ SQL ] SELECT `a`.`id`,`a`.`title`,`a`.`cid`,`b`.`pic` FROM `qm_article` `a` INNER JOIN `qm_pics` `b` ON `b`.`aid`=`a`.`id` WHERE  `a`.`cid` = 37  AND `a`.`istop` = 1 [ RunTime:0.025928s ]
[ sql ] [ SQL ] SELECT `a`.`id`,`a`.`title`,`a`.`cid`,`b`.`pic` FROM `qm_article` `a` INNER JOIN `qm_pics` `b` ON `b`.`aid`=`a`.`id` WHERE  `a`.`cid` = 46  AND `a`.`istop` = 1 [ RunTime:0.000816s ]
[ sql ] [ SQL ] SELECT `a`.`id`,`a`.`title`,`a`.`cid`,`b`.`pic` FROM `qm_article` `a` INNER JOIN `qm_pics` `b` ON `b`.`aid`=`a`.`id` WHERE  `a`.`cid` = 47  AND `a`.`istop` = 1 [ RunTime:0.000563s ]
[ sql ] [ SQL ] SELECT `id`,`name`,`pid`,`keyword` FROM `qm_category` WHERE  `id` = 46 [ RunTime:0.000378s ]
[ sql ] [ SQL ] SELECT `id`,`name`,`pid`,`keyword` FROM `qm_category` WHERE  `id` = 33 [ RunTime:0.000287s ]
[ sql ] [ SQL ] SELECT * FROM `qm_category` WHERE  `pid` = 42 LIMIT 1 [ RunTime:0.000563s ]
[ sql ] [ SQL ] SELECT * FROM `qm_category` WHERE  `pid` = 43 LIMIT 1 [ RunTime:0.000343s ]
[ sql ] [ SQL ] SELECT * FROM `qm_category` WHERE  `pid` = 44 LIMIT 1 [ RunTime:0.000316s ]
[ sql ] [ SQL ] SELECT * FROM `qm_category` WHERE  `pid` = 51 LIMIT 1 [ RunTime:0.000318s ]
[ sql ] [ SQL ] SELECT * FROM `qm_category` WHERE  `pid` = 52 LIMIT 1 [ RunTime:0.000306s ]
[ sql ] [ SQL ] SELECT * FROM `qm_category` WHERE  `pid` = 53 LIMIT 1 [ RunTime:0.000352s ]
[ sql ] [ SQL ] SELECT * FROM `qm_category` WHERE  `pid` = 29 LIMIT 1 [ RunTime:0.000326s ]
[ sql ] [ SQL ] SELECT * FROM `qm_category` WHERE  `pid` = 33 LIMIT 1 [ RunTime:0.000319s ]
[ sql ] [ SQL ] SELECT * FROM `qm_category` WHERE  `pid` = 37 LIMIT 1 [ RunTime:0.000332s ]
[ sql ] [ SQL ] SELECT * FROM `qm_category` WHERE  `pid` = 46 LIMIT 1 [ RunTime:0.000301s ]
[ sql ] [ SQL ] SELECT * FROM `qm_category` WHERE  `pid` = 47 LIMIT 1 [ RunTime:0.000317s ]
[ sql ] [ SQL ] SELECT * FROM `qm_category` WHERE  `pid` = 45 LIMIT 1 [ RunTime:0.000373s ]
---------------------------------------------------------------
[ 2019-04-08T19:15:45+08:00 ] 203.208.60.19 GET /
[ sql ] [ DB ] CONNECT:[ UseTime:0.000617027282714843750000000000s ] mysql:host=localhost;dbname=1975386453;charset=utf8
[ sql ] [ SQL ] SHOW COLUMNS FROM `qm_category` [ RunTime:0.001264s ]
[ sql ] [ SQL ] SELECT `id`,`name`,`type` FROM `qm_category` WHERE  `pid` = 0  AND `isshow` = 1 ORDER BY `sort` DESC,`id` ASC [ RunTime:0.000456s ]
[ sql ] [ SQL ] SELECT `id`,`name`,`type` FROM `qm_category` WHERE  `pid` = 42  AND `isshow` = 1 ORDER BY `sort` DESC,`id` ASC [ RunTime:0.000350s ]
[ sql ] [ SQL ] SELECT `id`,`name`,`type` FROM `qm_category` WHERE  `pid` = 29  AND `isshow` = 1 ORDER BY `sort` DESC,`id` ASC [ RunTime:0.000335s ]
[ sql ] [ SQL ] SELECT `id`,`name`,`type` FROM `qm_category` WHERE  `pid` = 33  AND `isshow` = 1 ORDER BY `sort` DESC,`id` ASC [ RunTime:0.000366s ]
[ sql ] [ SQL ] SELECT `id`,`name`,`type` FROM `qm_category` WHERE  `pid` = 45  AND `isshow` = 1 ORDER BY `sort` DESC,`id` ASC [ RunTime:0.000351s ]
[ sql ] [ SQL ] SHOW COLUMNS FROM `qm_config` [ RunTime:0.000967s ]
[ sql ] [ SQL ] SELECT `config` FROM `qm_config` LIMIT 1 [ RunTime:0.000265s ]
[ sql ] [ SQL ] SHOW COLUMNS FROM `qm_banner` [ RunTime:0.000882s ]
[ sql ] [ SQL ] SELECT `title`,`pic`,`url` FROM `qm_banner` WHERE  `isshow` = 1 ORDER BY `sort` ASC [ RunTime:0.000347s ]
[ sql ] [ SQL ] SELECT `content`,`name`,`keyword` FROM `qm_category` WHERE  `mark` = 'about' LIMIT 1 [ RunTime:0.000299s ]
[ sql ] [ SQL ] SELECT `id` FROM `qm_category` WHERE  `mark` = 'pictures' LIMIT 1 [ RunTime:0.000279s ]
[ sql ] [ SQL ] SELECT `id`,`name` FROM `qm_category` WHERE  `pid` = 33 [ RunTime:0.000287s ]
[ sql ] [ SQL ] SHOW COLUMNS FROM `qm_article` [ RunTime:0.000975s ]
[ sql ] [ SQL ] SELECT `a`.`id`,`a`.`title`,`a`.`cid`,`b`.`pic` FROM `qm_article` `a` INNER JOIN `qm_pics` `b` ON `b`.`aid`=`a`.`id` WHERE  `a`.`cid` = 37  AND `a`.`istop` = 1 [ RunTime:0.000582s ]
[ sql ] [ SQL ] SELECT `a`.`id`,`a`.`title`,`a`.`cid`,`b`.`pic` FROM `qm_article` `a` INNER JOIN `qm_pics` `b` ON `b`.`aid`=`a`.`id` WHERE  `a`.`cid` = 46  AND `a`.`istop` = 1 [ RunTime:0.000555s ]
[ sql ] [ SQL ] SELECT `a`.`id`,`a`.`title`,`a`.`cid`,`b`.`pic` FROM `qm_article` `a` INNER JOIN `qm_pics` `b` ON `b`.`aid`=`a`.`id` WHERE  `a`.`cid` = 47  AND `a`.`istop` = 1 [ RunTime:0.000495s ]
[ sql ] [ SQL ] SELECT `id`,`name`,`pid`,`keyword` FROM `qm_category` WHERE  `id` = 46 [ RunTime:0.000296s ]
[ sql ] [ SQL ] SELECT `id`,`name`,`pid`,`keyword` FROM `qm_category` WHERE  `id` = 33 [ RunTime:0.000306s ]
[ sql ] [ SQL ] SELECT * FROM `qm_category` WHERE  `pid` = 42 LIMIT 1 [ RunTime:0.000347s ]
[ sql ] [ SQL ] SELECT * FROM `qm_category` WHERE  `pid` = 43 LIMIT 1 [ RunTime:0.000335s ]
[ sql ] [ SQL ] SELECT * FROM `qm_category` WHERE  `pid` = 44 LIMIT 1 [ RunTime:0.000315s ]
[ sql ] [ SQL ] SELECT * FROM `qm_category` WHERE  `pid` = 51 LIMIT 1 [ RunTime:0.000373s ]
[ sql ] [ SQL ] SELECT * FROM `qm_category` WHERE  `pid` = 52 LIMIT 1 [ RunTime:0.000343s ]
[ sql ] [ SQL ] SELECT * FROM `qm_category` WHERE  `pid` = 53 LIMIT 1 [ RunTime:0.000316s ]
[ sql ] [ SQL ] SELECT * FROM `qm_category` WHERE  `pid` = 29 LIMIT 1 [ RunTime:0.000323s ]
[ sql ] [ SQL ] SELECT * FROM `qm_category` WHERE  `pid` = 33 LIMIT 1 [ RunTime:0.000346s ]
[ sql ] [ SQL ] SELECT * FROM `qm_category` WHERE  `pid` = 37 LIMIT 1 [ RunTime:0.000342s ]
[ sql ] [ SQL ] SELECT * FROM `qm_category` WHERE  `pid` = 46 LIMIT 1 [ RunTime:0.000318s ]
[ sql ] [ SQL ] SELECT * FROM `qm_category` WHERE  `pid` = 47 LIMIT 1 [ RunTime:0.000365s ]
[ sql ] [ SQL ] SELECT * FROM `qm_category` WHERE  `pid` = 45 LIMIT 1 [ RunTime:0.000319s ]
