---------------------------------------------------------------
[ 2019-04-12T01:03:01+08:00 ] 123.125.71.79 GET /
[ sql ] [ DB ] CONNECT:[ UseTime:0.003869056701660156250000000000s ] mysql:host=localhost;dbname=1975386453;charset=utf8
[ sql ] [ SQL ] SHOW COLUMNS FROM `qm_category` [ RunTime:0.002137s ]
[ sql ] [ SQL ] SELECT `id`,`name`,`type` FROM `qm_category` WHERE  `pid` = 0  AND `isshow` = 1 ORDER BY `sort` DESC,`id` ASC [ RunTime:0.000718s ]
[ sql ] [ SQL ] SELECT `id`,`name`,`type` FROM `qm_category` WHERE  `pid` = 42  AND `isshow` = 1 ORDER BY `sort` DESC,`id` ASC [ RunTime:0.000404s ]
[ sql ] [ SQL ] SELECT `id`,`name`,`type` FROM `qm_category` WHERE  `pid` = 29  AND `isshow` = 1 ORDER BY `sort` DESC,`id` ASC [ RunTime:0.000468s ]
[ sql ] [ SQL ] SELECT `id`,`name`,`type` FROM `qm_category` WHERE  `pid` = 33  AND `isshow` = 1 ORDER BY `sort` DESC,`id` ASC [ RunTime:0.000462s ]
[ sql ] [ SQL ] SELECT `id`,`name`,`type` FROM `qm_category` WHERE  `pid` = 45  AND `isshow` = 1 ORDER BY `sort` DESC,`id` ASC [ RunTime:0.000544s ]
[ sql ] [ SQL ] SHOW COLUMNS FROM `qm_config` [ RunTime:0.001786s ]
[ sql ] [ SQL ] SELECT `config` FROM `qm_config` LIMIT 1 [ RunTime:0.000499s ]
[ sql ] [ SQL ] SHOW COLUMNS FROM `qm_banner` [ RunTime:0.001499s ]
[ sql ] [ SQL ] SELECT `title`,`pic`,`url` FROM `qm_banner` WHERE  `isshow` = 1 ORDER BY `sort` ASC [ RunTime:0.000590s ]
[ sql ] [ SQL ] SELECT `content`,`name`,`keyword` FROM `qm_category` WHERE  `mark` = 'about' LIMIT 1 [ RunTime:0.000419s ]
[ sql ] [ SQL ] SELECT `id` FROM `qm_category` WHERE  `mark` = 'pictures' LIMIT 1 [ RunTime:0.000469s ]
[ sql ] [ SQL ] SELECT `id`,`name` FROM `qm_category` WHERE  `pid` = 33 [ RunTime:0.000434s ]
[ sql ] [ SQL ] SHOW COLUMNS FROM `qm_article` [ RunTime:0.001777s ]
[ sql ] [ SQL ] SELECT `a`.`id`,`a`.`title`,`a`.`cid`,`b`.`pic` FROM `qm_article` `a` INNER JOIN `qm_pics` `b` ON `b`.`aid`=`a`.`id` WHERE  `a`.`cid` = 37  AND `a`.`istop` = 1 [ RunTime:0.001740s ]
[ sql ] [ SQL ] SELECT `a`.`id`,`a`.`title`,`a`.`cid`,`b`.`pic` FROM `qm_article` `a` INNER JOIN `qm_pics` `b` ON `b`.`aid`=`a`.`id` WHERE  `a`.`cid` = 46  AND `a`.`istop` = 1 [ RunTime:0.000544s ]
[ sql ] [ SQL ] SELECT `a`.`id`,`a`.`title`,`a`.`cid`,`b`.`pic` FROM `qm_article` `a` INNER JOIN `qm_pics` `b` ON `b`.`aid`=`a`.`id` WHERE  `a`.`cid` = 47  AND `a`.`istop` = 1 [ RunTime:0.000495s ]
[ sql ] [ SQL ] SELECT `id`,`name`,`pid`,`keyword` FROM `qm_category` WHERE  `id` = 46 [ RunTime:0.000331s ]
[ sql ] [ SQL ] SELECT `id`,`name`,`pid`,`keyword` FROM `qm_category` WHERE  `id` = 33 [ RunTime:0.000284s ]
[ sql ] [ SQL ] SELECT * FROM `qm_category` WHERE  `pid` = 42 LIMIT 1 [ RunTime:0.000434s ]
[ sql ] [ SQL ] SELECT * FROM `qm_category` WHERE  `pid` = 43 LIMIT 1 [ RunTime:0.000339s ]
[ sql ] [ SQL ] SELECT * FROM `qm_category` WHERE  `pid` = 44 LIMIT 1 [ RunTime:0.000349s ]
[ sql ] [ SQL ] SELECT * FROM `qm_category` WHERE  `pid` = 51 LIMIT 1 [ RunTime:0.000323s ]
[ sql ] [ SQL ] SELECT * FROM `qm_category` WHERE  `pid` = 52 LIMIT 1 [ RunTime:0.000322s ]
[ sql ] [ SQL ] SELECT * FROM `qm_category` WHERE  `pid` = 53 LIMIT 1 [ RunTime:0.000358s ]
[ sql ] [ SQL ] SELECT * FROM `qm_category` WHERE  `pid` = 29 LIMIT 1 [ RunTime:0.000321s ]
[ sql ] [ SQL ] SELECT * FROM `qm_category` WHERE  `pid` = 33 LIMIT 1 [ RunTime:0.000321s ]
[ sql ] [ SQL ] SELECT * FROM `qm_category` WHERE  `pid` = 37 LIMIT 1 [ RunTime:0.000340s ]
[ sql ] [ SQL ] SELECT * FROM `qm_category` WHERE  `pid` = 46 LIMIT 1 [ RunTime:0.000322s ]
[ sql ] [ SQL ] SELECT * FROM `qm_category` WHERE  `pid` = 47 LIMIT 1 [ RunTime:0.000331s ]
[ sql ] [ SQL ] SELECT * FROM `qm_category` WHERE  `pid` = 45 LIMIT 1 [ RunTime:0.000319s ]
---------------------------------------------------------------
[ 2019-04-12T02:17:26+08:00 ] 203.208.60.52 GET /news/show/76.html
[ sql ] [ DB ] CONNECT:[ UseTime:0.004068136215209960937500000000s ] mysql:host=localhost;dbname=1975386453;charset=utf8
[ sql ] [ SQL ] SHOW COLUMNS FROM `qm_category` [ RunTime:0.001607s ]
[ sql ] [ SQL ] SELECT `id`,`name`,`type` FROM `qm_category` WHERE  `pid` = 0  AND `isshow` = 1 ORDER BY `sort` DESC,`id` ASC [ RunTime:0.000575s ]
[ sql ] [ SQL ] SELECT `id`,`name`,`type` FROM `qm_category` WHERE  `pid` = 42  AND `isshow` = 1 ORDER BY `sort` DESC,`id` ASC [ RunTime:0.000370s ]
[ sql ] [ SQL ] SELECT `id`,`name`,`type` FROM `qm_category` WHERE  `pid` = 29  AND `isshow` = 1 ORDER BY `sort` DESC,`id` ASC [ RunTime:0.000357s ]
[ sql ] [ SQL ] SELECT `id`,`name`,`type` FROM `qm_category` WHERE  `pid` = 33  AND `isshow` = 1 ORDER BY `sort` DESC,`id` ASC [ RunTime:0.000329s ]
[ sql ] [ SQL ] SELECT `id`,`name`,`type` FROM `qm_category` WHERE  `pid` = 45  AND `isshow` = 1 ORDER BY `sort` DESC,`id` ASC [ RunTime:0.000347s ]
[ sql ] [ SQL ] SHOW COLUMNS FROM `qm_config` [ RunTime:0.001381s ]
[ sql ] [ SQL ] SELECT `config` FROM `qm_config` LIMIT 1 [ RunTime:0.000400s ]
[ sql ] [ SQL ] SELECT `id`,`name`,`type` FROM `qm_category` WHERE  `mark` = 'news' [ RunTime:0.000336s ]
[ sql ] [ SQL ] SHOW COLUMNS FROM `qm_article` [ RunTime:0.001329s ]
[ sql ] [ SQL ] SELECT `a`.*,`b`.`pic` FROM `qm_article` `a` INNER JOIN `qm_pics` `b` ON `b`.`aid`=`a`.`id` WHERE  `a`.`id` = '76' [ RunTime:0.001250s ]
[ sql ] [ SQL ] SHOW COLUMNS FROM `qm_viewslog` [ RunTime:0.001161s ]
[ sql ] [ SQL ] DELETE FROM `qm_viewslog`    WHERE  `viewtime` <  1554998400 [ RunTime:0.000501s ]
[ sql ] [ SQL ] SELECT * FROM `qm_viewslog` WHERE  `aid` = 76  AND `viewIP` = '203.208.60.52'  AND `viewtime` BETWEEN 1554998400 AND 1555084800 LIMIT 1 [ RunTime:0.000333s ]
[ sql ] [ SQL ] UPDATE `qm_article`  SET `views`=`views`+1  WHERE  `id` = 76 [ RunTime:0.000412s ]
[ sql ] [ SQL ] INSERT INTO `qm_viewslog` (`aid` , `viewIP` , `viewtime`) VALUES (76 , '203.208.60.52' , 1555006646) [ RunTime:0.000283s ]
[ sql ] [ SQL ] SHOW COLUMNS FROM `qm_comment` [ RunTime:0.001301s ]
[ sql ] [ SQL ] SELECT COUNT(*) AS tp_count FROM `qm_comment` WHERE  `aid` = 76 LIMIT 1 [ RunTime:0.000307s ]
[ sql ] [ SQL ] SELECT * FROM `qm_comment` WHERE  `aid` = 76 LIMIT 0,5 [ RunTime:0.000283s ]
[ sql ] [ SQL ] SHOW COLUMNS FROM `qm_fabullog` [ RunTime:0.001270s ]
[ sql ] [ SQL ] SELECT `id` FROM `qm_fabullog` WHERE  `aid` = 76  AND `uip` = '203.208.60.52' LIMIT 1 [ RunTime:0.000550s ]
[ sql ] [ SQL ] SELECT `a`.`id` FROM `qm_comment` `a` INNER JOIN `qm_fabullog` `b` ON `a`.`id`=`b`.`cid` WHERE  `a`.`aid` = '76'  AND `b`.`uip` = '203.208.60.52' [ RunTime:0.000284s ]
[ sql ] [ SQL ] SELECT * FROM `qm_category` WHERE  `pid` = 42 LIMIT 1 [ RunTime:0.000440s ]
[ sql ] [ SQL ] SELECT * FROM `qm_category` WHERE  `pid` = 43 LIMIT 1 [ RunTime:0.000332s ]
[ sql ] [ SQL ] SELECT * FROM `qm_category` WHERE  `pid` = 44 LIMIT 1 [ RunTime:0.000317s ]
[ sql ] [ SQL ] SELECT * FROM `qm_category` WHERE  `pid` = 51 LIMIT 1 [ RunTime:0.000369s ]
[ sql ] [ SQL ] SELECT * FROM `qm_category` WHERE  `pid` = 52 LIMIT 1 [ RunTime:0.000310s ]
[ sql ] [ SQL ] SELECT * FROM `qm_category` WHERE  `pid` = 53 LIMIT 1 [ RunTime:0.000322s ]
[ sql ] [ SQL ] SELECT * FROM `qm_category` WHERE  `pid` = 29 LIMIT 1 [ RunTime:0.000349s ]
[ sql ] [ SQL ] SELECT * FROM `qm_category` WHERE  `pid` = 33 LIMIT 1 [ RunTime:0.000309s ]
[ sql ] [ SQL ] SELECT * FROM `qm_category` WHERE  `pid` = 37 LIMIT 1 [ RunTime:0.000351s ]
[ sql ] [ SQL ] SELECT * FROM `qm_category` WHERE  `pid` = 46 LIMIT 1 [ RunTime:0.000310s ]
[ sql ] [ SQL ] SELECT * FROM `qm_category` WHERE  `pid` = 47 LIMIT 1 [ RunTime:0.000314s ]
[ sql ] [ SQL ] SELECT * FROM `qm_category` WHERE  `pid` = 45 LIMIT 1 [ RunTime:0.000364s ]
[ sql ] [ SQL ] SELECT `pic`,`pid` FROM `qm_category` WHERE  `id` = 44 LIMIT 1 [ RunTime:0.000290s ]
[ sql ] [ SQL ] SELECT `pic`,`pid` FROM `qm_category` WHERE  `id` = 42 LIMIT 1 [ RunTime:0.000316s ]
[ sql ] [ SQL ] SELECT `id`,`name`,`pid` FROM `qm_category` WHERE  `id` = 44 LIMIT 1 [ RunTime:0.000273s ]
[ sql ] [ SQL ] SELECT `id`,`name`,`pid` FROM `qm_category` WHERE  `id` = 42 LIMIT 1 [ RunTime:0.000282s ]
[ sql ] [ SQL ] SELECT * FROM `qm_category` WHERE  `pid` = 43 LIMIT 1 [ RunTime:0.000347s ]
[ sql ] [ SQL ] SELECT * FROM `qm_category` WHERE  `pid` = 44 LIMIT 1 [ RunTime:0.000310s ]
[ sql ] [ SQL ] SELECT * FROM `qm_category` WHERE  `pid` = 51 LIMIT 1 [ RunTime:0.000355s ]
[ sql ] [ SQL ] SELECT * FROM `qm_category` WHERE  `pid` = 52 LIMIT 1 [ RunTime:0.000314s ]
[ sql ] [ SQL ] SELECT * FROM `qm_category` WHERE  `pid` = 53 LIMIT 1 [ RunTime:0.000312s ]
---------------------------------------------------------------
[ 2019-04-12T14:53:58+08:00 ] 61.175.244.121 GET /
[ sql ] [ DB ] CONNECT:[ UseTime:0.001942157745361328125000000000s ] mysql:host=localhost;dbname=1975386453;charset=utf8
[ sql ] [ SQL ] SHOW COLUMNS FROM `qm_category` [ RunTime:0.002225s ]
[ sql ] [ SQL ] SELECT `id`,`name`,`type` FROM `qm_category` WHERE  `pid` = 0  AND `isshow` = 1 ORDER BY `sort` DESC,`id` ASC [ RunTime:0.000696s ]
[ sql ] [ SQL ] SELECT `id`,`name`,`type` FROM `qm_category` WHERE  `pid` = 42  AND `isshow` = 1 ORDER BY `sort` DESC,`id` ASC [ RunTime:0.000363s ]
[ sql ] [ SQL ] SELECT `id`,`name`,`type` FROM `qm_category` WHERE  `pid` = 29  AND `isshow` = 1 ORDER BY `sort` DESC,`id` ASC [ RunTime:0.000344s ]
[ sql ] [ SQL ] SELECT `id`,`name`,`type` FROM `qm_category` WHERE  `pid` = 33  AND `isshow` = 1 ORDER BY `sort` DESC,`id` ASC [ RunTime:0.000388s ]
[ sql ] [ SQL ] SELECT `id`,`name`,`type` FROM `qm_category` WHERE  `pid` = 45  AND `isshow` = 1 ORDER BY `sort` DESC,`id` ASC [ RunTime:0.000361s ]
[ sql ] [ SQL ] SHOW COLUMNS FROM `qm_config` [ RunTime:0.002300s ]
[ sql ] [ SQL ] SELECT `config` FROM `qm_config` LIMIT 1 [ RunTime:0.000445s ]
[ sql ] [ SQL ] SHOW COLUMNS FROM `qm_banner` [ RunTime:0.001416s ]
[ sql ] [ SQL ] SELECT `title`,`pic`,`url` FROM `qm_banner` WHERE  `isshow` = 1 ORDER BY `sort` ASC [ RunTime:0.000445s ]
[ sql ] [ SQL ] SELECT `content`,`name`,`keyword` FROM `qm_category` WHERE  `mark` = 'about' LIMIT 1 [ RunTime:0.000315s ]
[ sql ] [ SQL ] SELECT `id` FROM `qm_category` WHERE  `mark` = 'pictures' LIMIT 1 [ RunTime:0.000313s ]
[ sql ] [ SQL ] SELECT `id`,`name` FROM `qm_category` WHERE  `pid` = 33 [ RunTime:0.000292s ]
[ sql ] [ SQL ] SHOW COLUMNS FROM `qm_article` [ RunTime:0.001547s ]
[ sql ] [ SQL ] SELECT `a`.`id`,`a`.`title`,`a`.`cid`,`b`.`pic` FROM `qm_article` `a` INNER JOIN `qm_pics` `b` ON `b`.`aid`=`a`.`id` WHERE  `a`.`cid` = 37  AND `a`.`istop` = 1 [ RunTime:0.001865s ]
[ sql ] [ SQL ] SELECT `a`.`id`,`a`.`title`,`a`.`cid`,`b`.`pic` FROM `qm_article` `a` INNER JOIN `qm_pics` `b` ON `b`.`aid`=`a`.`id` WHERE  `a`.`cid` = 46  AND `a`.`istop` = 1 [ RunTime:0.000482s ]
[ sql ] [ SQL ] SELECT `a`.`id`,`a`.`title`,`a`.`cid`,`b`.`pic` FROM `qm_article` `a` INNER JOIN `qm_pics` `b` ON `b`.`aid`=`a`.`id` WHERE  `a`.`cid` = 47  AND `a`.`istop` = 1 [ RunTime:0.000491s ]
[ sql ] [ SQL ] SELECT `id`,`name`,`pid`,`keyword` FROM `qm_category` WHERE  `id` = 46 [ RunTime:0.000297s ]
[ sql ] [ SQL ] SELECT `id`,`name`,`pid`,`keyword` FROM `qm_category` WHERE  `id` = 33 [ RunTime:0.000298s ]
[ sql ] [ SQL ] SELECT * FROM `qm_category` WHERE  `pid` = 42 LIMIT 1 [ RunTime:0.000585s ]
[ sql ] [ SQL ] SELECT * FROM `qm_category` WHERE  `pid` = 43 LIMIT 1 [ RunTime:0.000327s ]
[ sql ] [ SQL ] SELECT * FROM `qm_category` WHERE  `pid` = 44 LIMIT 1 [ RunTime:0.000405s ]
[ sql ] [ SQL ] SELECT * FROM `qm_category` WHERE  `pid` = 51 LIMIT 1 [ RunTime:0.000357s ]
[ sql ] [ SQL ] SELECT * FROM `qm_category` WHERE  `pid` = 52 LIMIT 1 [ RunTime:0.000315s ]
[ sql ] [ SQL ] SELECT * FROM `qm_category` WHERE  `pid` = 53 LIMIT 1 [ RunTime:0.000375s ]
[ sql ] [ SQL ] SELECT * FROM `qm_category` WHERE  `pid` = 29 LIMIT 1 [ RunTime:0.000347s ]
[ sql ] [ SQL ] SELECT * FROM `qm_category` WHERE  `pid` = 33 LIMIT 1 [ RunTime:0.000312s ]
[ sql ] [ SQL ] SELECT * FROM `qm_category` WHERE  `pid` = 37 LIMIT 1 [ RunTime:0.000374s ]
[ sql ] [ SQL ] SELECT * FROM `qm_category` WHERE  `pid` = 46 LIMIT 1 [ RunTime:0.000344s ]
[ sql ] [ SQL ] SELECT * FROM `qm_category` WHERE  `pid` = 47 LIMIT 1 [ RunTime:0.000312s ]
[ sql ] [ SQL ] SELECT * FROM `qm_category` WHERE  `pid` = 45 LIMIT 1 [ RunTime:0.000353s ]
---------------------------------------------------------------
[ 2019-04-12T15:01:22+08:00 ] 61.175.244.121 GET /
[ sql ] [ DB ] CONNECT:[ UseTime:0.000571966171264648437500000000s ] mysql:host=localhost;dbname=1975386453;charset=utf8
[ sql ] [ SQL ] SHOW COLUMNS FROM `qm_category` [ RunTime:0.001263s ]
[ sql ] [ SQL ] SELECT `id`,`name`,`type` FROM `qm_category` WHERE  `pid` = 0  AND `isshow` = 1 ORDER BY `sort` DESC,`id` ASC [ RunTime:0.000416s ]
[ sql ] [ SQL ] SELECT `id`,`name`,`type` FROM `qm_category` WHERE  `pid` = 42  AND `isshow` = 1 ORDER BY `sort` DESC,`id` ASC [ RunTime:0.000401s ]
[ sql ] [ SQL ] SELECT `id`,`name`,`type` FROM `qm_category` WHERE  `pid` = 29  AND `isshow` = 1 ORDER BY `sort` DESC,`id` ASC [ RunTime:0.000357s ]
[ sql ] [ SQL ] SELECT `id`,`name`,`type` FROM `qm_category` WHERE  `pid` = 33  AND `isshow` = 1 ORDER BY `sort` DESC,`id` ASC [ RunTime:0.000335s ]
[ sql ] [ SQL ] SELECT `id`,`name`,`type` FROM `qm_category` WHERE  `pid` = 45  AND `isshow` = 1 ORDER BY `sort` DESC,`id` ASC [ RunTime:0.000329s ]
[ sql ] [ SQL ] SHOW COLUMNS FROM `qm_config` [ RunTime:0.000908s ]
[ sql ] [ SQL ] SELECT `config` FROM `qm_config` LIMIT 1 [ RunTime:0.000275s ]
[ sql ] [ SQL ] SHOW COLUMNS FROM `qm_banner` [ RunTime:0.000860s ]
[ sql ] [ SQL ] SELECT `title`,`pic`,`url` FROM `qm_banner` WHERE  `isshow` = 1 ORDER BY `sort` ASC [ RunTime:0.000304s ]
[ sql ] [ SQL ] SELECT `content`,`name`,`keyword` FROM `qm_category` WHERE  `mark` = 'about' LIMIT 1 [ RunTime:0.000308s ]
[ sql ] [ SQL ] SELECT `id` FROM `qm_category` WHERE  `mark` = 'pictures' LIMIT 1 [ RunTime:0.000278s ]
[ sql ] [ SQL ] SELECT `id`,`name` FROM `qm_category` WHERE  `pid` = 33 [ RunTime:0.000288s ]
[ sql ] [ SQL ] SHOW COLUMNS FROM `qm_article` [ RunTime:0.000921s ]
[ sql ] [ SQL ] SELECT `a`.`id`,`a`.`title`,`a`.`cid`,`b`.`pic` FROM `qm_article` `a` INNER JOIN `qm_pics` `b` ON `b`.`aid`=`a`.`id` WHERE  `a`.`cid` = 37  AND `a`.`istop` = 1 [ RunTime:0.000571s ]
[ sql ] [ SQL ] SELECT `a`.`id`,`a`.`title`,`a`.`cid`,`b`.`pic` FROM `qm_article` `a` INNER JOIN `qm_pics` `b` ON `b`.`aid`=`a`.`id` WHERE  `a`.`cid` = 46  AND `a`.`istop` = 1 [ RunTime:0.000513s ]
[ sql ] [ SQL ] SELECT `a`.`id`,`a`.`title`,`a`.`cid`,`b`.`pic` FROM `qm_article` `a` INNER JOIN `qm_pics` `b` ON `b`.`aid`=`a`.`id` WHERE  `a`.`cid` = 47  AND `a`.`istop` = 1 [ RunTime:0.000527s ]
[ sql ] [ SQL ] SELECT `id`,`name`,`pid`,`keyword` FROM `qm_category` WHERE  `id` = 46 [ RunTime:0.000304s ]
[ sql ] [ SQL ] SELECT `id`,`name`,`pid`,`keyword` FROM `qm_category` WHERE  `id` = 33 [ RunTime:0.000284s ]
[ sql ] [ SQL ] SELECT * FROM `qm_category` WHERE  `pid` = 42 LIMIT 1 [ RunTime:0.000350s ]
[ sql ] [ SQL ] SELECT * FROM `qm_category` WHERE  `pid` = 43 LIMIT 1 [ RunTime:0.000325s ]
[ sql ] [ SQL ] SELECT * FROM `qm_category` WHERE  `pid` = 44 LIMIT 1 [ RunTime:0.000344s ]
[ sql ] [ SQL ] SELECT * FROM `qm_category` WHERE  `pid` = 51 LIMIT 1 [ RunTime:0.000314s ]
[ sql ] [ SQL ] SELECT * FROM `qm_category` WHERE  `pid` = 52 LIMIT 1 [ RunTime:0.000326s ]
[ sql ] [ SQL ] SELECT * FROM `qm_category` WHERE  `pid` = 53 LIMIT 1 [ RunTime:0.000329s ]
[ sql ] [ SQL ] SELECT * FROM `qm_category` WHERE  `pid` = 29 LIMIT 1 [ RunTime:0.000331s ]
[ sql ] [ SQL ] SELECT * FROM `qm_category` WHERE  `pid` = 33 LIMIT 1 [ RunTime:0.000325s ]
[ sql ] [ SQL ] SELECT * FROM `qm_category` WHERE  `pid` = 37 LIMIT 1 [ RunTime:0.000318s ]
[ sql ] [ SQL ] SELECT * FROM `qm_category` WHERE  `pid` = 46 LIMIT 1 [ RunTime:0.000318s ]
[ sql ] [ SQL ] SELECT * FROM `qm_category` WHERE  `pid` = 47 LIMIT 1 [ RunTime:0.000334s ]
[ sql ] [ SQL ] SELECT * FROM `qm_category` WHERE  `pid` = 45 LIMIT 1 [ RunTime:0.000318s ]
---------------------------------------------------------------
[ 2019-04-12T19:45:46+08:00 ] 223.89.192.248 GET /
[ sql ] [ DB ] CONNECT:[ UseTime:0.001559019088745117187500000000s ] mysql:host=localhost;dbname=1975386453;charset=utf8
[ sql ] [ SQL ] SHOW COLUMNS FROM `qm_category` [ RunTime:0.004376s ]
[ sql ] [ SQL ] SELECT `id`,`name`,`type` FROM `qm_category` WHERE  `pid` = 0  AND `isshow` = 1 ORDER BY `sort` DESC,`id` ASC [ RunTime:0.000646s ]
[ sql ] [ SQL ] SELECT `id`,`name`,`type` FROM `qm_category` WHERE  `pid` = 42  AND `isshow` = 1 ORDER BY `sort` DESC,`id` ASC [ RunTime:0.000365s ]
[ sql ] [ SQL ] SELECT `id`,`name`,`type` FROM `qm_category` WHERE  `pid` = 29  AND `isshow` = 1 ORDER BY `sort` DESC,`id` ASC [ RunTime:0.002082s ]
[ sql ] [ SQL ] SELECT `id`,`name`,`type` FROM `qm_category` WHERE  `pid` = 33  AND `isshow` = 1 ORDER BY `sort` DESC,`id` ASC [ RunTime:0.000945s ]
[ sql ] [ SQL ] SELECT `id`,`name`,`type` FROM `qm_category` WHERE  `pid` = 45  AND `isshow` = 1 ORDER BY `sort` DESC,`id` ASC [ RunTime:0.001796s ]
[ sql ] [ SQL ] SHOW COLUMNS FROM `qm_config` [ RunTime:0.001496s ]
[ sql ] [ SQL ] SELECT `config` FROM `qm_config` LIMIT 1 [ RunTime:0.000513s ]
[ sql ] [ SQL ] SHOW COLUMNS FROM `qm_banner` [ RunTime:0.001635s ]
[ sql ] [ SQL ] SELECT `title`,`pic`,`url` FROM `qm_banner` WHERE  `isshow` = 1 ORDER BY `sort` ASC [ RunTime:0.000819s ]
[ sql ] [ SQL ] SELECT `content`,`name`,`keyword` FROM `qm_category` WHERE  `mark` = 'about' LIMIT 1 [ RunTime:0.001017s ]
[ sql ] [ SQL ] SELECT `id` FROM `qm_category` WHERE  `mark` = 'pictures' LIMIT 1 [ RunTime:0.001727s ]
[ sql ] [ SQL ] SELECT `id`,`name` FROM `qm_category` WHERE  `pid` = 33 [ RunTime:0.000284s ]
[ sql ] [ SQL ] SHOW COLUMNS FROM `qm_article` [ RunTime:0.001769s ]
[ sql ] [ SQL ] SELECT `a`.`id`,`a`.`title`,`a`.`cid`,`b`.`pic` FROM `qm_article` `a` INNER JOIN `qm_pics` `b` ON `b`.`aid`=`a`.`id` WHERE  `a`.`cid` = 37  AND `a`.`istop` = 1 [ RunTime:0.001941s ]
[ sql ] [ SQL ] SELECT `a`.`id`,`a`.`title`,`a`.`cid`,`b`.`pic` FROM `qm_article` `a` INNER JOIN `qm_pics` `b` ON `b`.`aid`=`a`.`id` WHERE  `a`.`cid` = 46  AND `a`.`istop` = 1 [ RunTime:0.000494s ]
[ sql ] [ SQL ] SELECT `a`.`id`,`a`.`title`,`a`.`cid`,`b`.`pic` FROM `qm_article` `a` INNER JOIN `qm_pics` `b` ON `b`.`aid`=`a`.`id` WHERE  `a`.`cid` = 47  AND `a`.`istop` = 1 [ RunTime:0.000457s ]
[ sql ] [ SQL ] SELECT `id`,`name`,`pid`,`keyword` FROM `qm_category` WHERE  `id` = 46 [ RunTime:0.001838s ]
[ sql ] [ SQL ] SELECT `id`,`name`,`pid`,`keyword` FROM `qm_category` WHERE  `id` = 33 [ RunTime:0.000280s ]
[ sql ] [ SQL ] SELECT * FROM `qm_category` WHERE  `pid` = 42 LIMIT 1 [ RunTime:0.002617s ]
[ sql ] [ SQL ] SELECT * FROM `qm_category` WHERE  `pid` = 43 LIMIT 1 [ RunTime:0.001335s ]
[ sql ] [ SQL ] SELECT * FROM `qm_category` WHERE  `pid` = 44 LIMIT 1 [ RunTime:0.001429s ]
[ sql ] [ SQL ] SELECT * FROM `qm_category` WHERE  `pid` = 51 LIMIT 1 [ RunTime:0.000761s ]
[ sql ] [ SQL ] SELECT * FROM `qm_category` WHERE  `pid` = 52 LIMIT 1 [ RunTime:0.000812s ]
[ sql ] [ SQL ] SELECT * FROM `qm_category` WHERE  `pid` = 53 LIMIT 1 [ RunTime:0.001078s ]
[ sql ] [ SQL ] SELECT * FROM `qm_category` WHERE  `pid` = 29 LIMIT 1 [ RunTime:0.000824s ]
[ sql ] [ SQL ] SELECT * FROM `qm_category` WHERE  `pid` = 33 LIMIT 1 [ RunTime:0.000902s ]
[ sql ] [ SQL ] SELECT * FROM `qm_category` WHERE  `pid` = 37 LIMIT 1 [ RunTime:0.001565s ]
[ sql ] [ SQL ] SELECT * FROM `qm_category` WHERE  `pid` = 46 LIMIT 1 [ RunTime:0.000311s ]
[ sql ] [ SQL ] SELECT * FROM `qm_category` WHERE  `pid` = 47 LIMIT 1 [ RunTime:0.000317s ]
[ sql ] [ SQL ] SELECT * FROM `qm_category` WHERE  `pid` = 45 LIMIT 1 [ RunTime:0.000747s ]
---------------------------------------------------------------
[ 2019-04-12T19:45:54+08:00 ] 180.163.220.4 GET /
[ sql ] [ DB ] CONNECT:[ UseTime:0.000792980194091796875000000000s ] mysql:host=localhost;dbname=1975386453;charset=utf8
[ sql ] [ SQL ] SHOW COLUMNS FROM `qm_category` [ RunTime:0.001620s ]
[ sql ] [ SQL ] SELECT `id`,`name`,`type` FROM `qm_category` WHERE  `pid` = 0  AND `isshow` = 1 ORDER BY `sort` DESC,`id` ASC [ RunTime:0.000501s ]
[ sql ] [ SQL ] SELECT `id`,`name`,`type` FROM `qm_category` WHERE  `pid` = 42  AND `isshow` = 1 ORDER BY `sort` DESC,`id` ASC [ RunTime:0.000366s ]
[ sql ] [ SQL ] SELECT `id`,`name`,`type` FROM `qm_category` WHERE  `pid` = 29  AND `isshow` = 1 ORDER BY `sort` DESC,`id` ASC [ RunTime:0.000369s ]
[ sql ] [ SQL ] SELECT `id`,`name`,`type` FROM `qm_category` WHERE  `pid` = 33  AND `isshow` = 1 ORDER BY `sort` DESC,`id` ASC [ RunTime:0.000340s ]
[ sql ] [ SQL ] SELECT `id`,`name`,`type` FROM `qm_category` WHERE  `pid` = 45  AND `isshow` = 1 ORDER BY `sort` DESC,`id` ASC [ RunTime:0.000371s ]
[ sql ] [ SQL ] SHOW COLUMNS FROM `qm_config` [ RunTime:0.000904s ]
[ sql ] [ SQL ] SELECT `config` FROM `qm_config` LIMIT 1 [ RunTime:0.000498s ]
[ sql ] [ SQL ] SHOW COLUMNS FROM `qm_banner` [ RunTime:0.000904s ]
[ sql ] [ SQL ] SELECT `title`,`pic`,`url` FROM `qm_banner` WHERE  `isshow` = 1 ORDER BY `sort` ASC [ RunTime:0.000503s ]
[ sql ] [ SQL ] SELECT `content`,`name`,`keyword` FROM `qm_category` WHERE  `mark` = 'about' LIMIT 1 [ RunTime:0.000299s ]
[ sql ] [ SQL ] SELECT `id` FROM `qm_category` WHERE  `mark` = 'pictures' LIMIT 1 [ RunTime:0.000303s ]
[ sql ] [ SQL ] SELECT `id`,`name` FROM `qm_category` WHERE  `pid` = 33 [ RunTime:0.000297s ]
[ sql ] [ SQL ] SHOW COLUMNS FROM `qm_article` [ RunTime:0.001017s ]
[ sql ] [ SQL ] SELECT `a`.`id`,`a`.`title`,`a`.`cid`,`b`.`pic` FROM `qm_article` `a` INNER JOIN `qm_pics` `b` ON `b`.`aid`=`a`.`id` WHERE  `a`.`cid` = 37  AND `a`.`istop` = 1 [ RunTime:0.001212s ]
[ sql ] [ SQL ] SELECT `a`.`id`,`a`.`title`,`a`.`cid`,`b`.`pic` FROM `qm_article` `a` INNER JOIN `qm_pics` `b` ON `b`.`aid`=`a`.`id` WHERE  `a`.`cid` = 46  AND `a`.`istop` = 1 [ RunTime:0.000534s ]
[ sql ] [ SQL ] SELECT `a`.`id`,`a`.`title`,`a`.`cid`,`b`.`pic` FROM `qm_article` `a` INNER JOIN `qm_pics` `b` ON `b`.`aid`=`a`.`id` WHERE  `a`.`cid` = 47  AND `a`.`istop` = 1 [ RunTime:0.000498s ]
[ sql ] [ SQL ] SELECT `id`,`name`,`pid`,`keyword` FROM `qm_category` WHERE  `id` = 46 [ RunTime:0.000345s ]
[ sql ] [ SQL ] SELECT `id`,`name`,`pid`,`keyword` FROM `qm_category` WHERE  `id` = 33 [ RunTime:0.000381s ]
[ sql ] [ SQL ] SELECT * FROM `qm_category` WHERE  `pid` = 42 LIMIT 1 [ RunTime:0.000338s ]
[ sql ] [ SQL ] SELECT * FROM `qm_category` WHERE  `pid` = 43 LIMIT 1 [ RunTime:0.000337s ]
[ sql ] [ SQL ] SELECT * FROM `qm_category` WHERE  `pid` = 44 LIMIT 1 [ RunTime:0.000320s ]
[ sql ] [ SQL ] SELECT * FROM `qm_category` WHERE  `pid` = 51 LIMIT 1 [ RunTime:0.000349s ]
[ sql ] [ SQL ] SELECT * FROM `qm_category` WHERE  `pid` = 52 LIMIT 1 [ RunTime:0.000329s ]
[ sql ] [ SQL ] SELECT * FROM `qm_category` WHERE  `pid` = 53 LIMIT 1 [ RunTime:0.000329s ]
[ sql ] [ SQL ] SELECT * FROM `qm_category` WHERE  `pid` = 29 LIMIT 1 [ RunTime:0.000327s ]
[ sql ] [ SQL ] SELECT * FROM `qm_category` WHERE  `pid` = 33 LIMIT 1 [ RunTime:0.000326s ]
[ sql ] [ SQL ] SELECT * FROM `qm_category` WHERE  `pid` = 37 LIMIT 1 [ RunTime:0.000356s ]
[ sql ] [ SQL ] SELECT * FROM `qm_category` WHERE  `pid` = 46 LIMIT 1 [ RunTime:0.000311s ]
[ sql ] [ SQL ] SELECT * FROM `qm_category` WHERE  `pid` = 47 LIMIT 1 [ RunTime:0.000380s ]
[ sql ] [ SQL ] SELECT * FROM `qm_category` WHERE  `pid` = 45 LIMIT 1 [ RunTime:0.000326s ]
---------------------------------------------------------------
[ 2019-04-12T19:46:33+08:00 ] 42.236.10.78 GET /
[ sql ] [ DB ] CONNECT:[ UseTime:0.000619888305664062500000000000s ] mysql:host=localhost;dbname=1975386453;charset=utf8
[ sql ] [ SQL ] SHOW COLUMNS FROM `qm_category` [ RunTime:0.001288s ]
[ sql ] [ SQL ] SELECT `id`,`name`,`type` FROM `qm_category` WHERE  `pid` = 0  AND `isshow` = 1 ORDER BY `sort` DESC,`id` ASC [ RunTime:0.000464s ]
[ sql ] [ SQL ] SELECT `id`,`name`,`type` FROM `qm_category` WHERE  `pid` = 42  AND `isshow` = 1 ORDER BY `sort` DESC,`id` ASC [ RunTime:0.000387s ]
[ sql ] [ SQL ] SELECT `id`,`name`,`type` FROM `qm_category` WHERE  `pid` = 29  AND `isshow` = 1 ORDER BY `sort` DESC,`id` ASC [ RunTime:0.000357s ]
[ sql ] [ SQL ] SELECT `id`,`name`,`type` FROM `qm_category` WHERE  `pid` = 33  AND `isshow` = 1 ORDER BY `sort` DESC,`id` ASC [ RunTime:0.000345s ]
[ sql ] [ SQL ] SELECT `id`,`name`,`type` FROM `qm_category` WHERE  `pid` = 45  AND `isshow` = 1 ORDER BY `sort` DESC,`id` ASC [ RunTime:0.000351s ]
[ sql ] [ SQL ] SHOW COLUMNS FROM `qm_config` [ RunTime:0.000949s ]
[ sql ] [ SQL ] SELECT `config` FROM `qm_config` LIMIT 1 [ RunTime:0.000282s ]
[ sql ] [ SQL ] SHOW COLUMNS FROM `qm_banner` [ RunTime:0.000911s ]
[ sql ] [ SQL ] SELECT `title`,`pic`,`url` FROM `qm_banner` WHERE  `isshow` = 1 ORDER BY `sort` ASC [ RunTime:0.000318s ]
[ sql ] [ SQL ] SELECT `content`,`name`,`keyword` FROM `qm_category` WHERE  `mark` = 'about' LIMIT 1 [ RunTime:0.000332s ]
[ sql ] [ SQL ] SELECT `id` FROM `qm_category` WHERE  `mark` = 'pictures' LIMIT 1 [ RunTime:0.000332s ]
[ sql ] [ SQL ] SELECT `id`,`name` FROM `qm_category` WHERE  `pid` = 33 [ RunTime:0.000298s ]
[ sql ] [ SQL ] SHOW COLUMNS FROM `qm_article` [ RunTime:0.001048s ]
[ sql ] [ SQL ] SELECT `a`.`id`,`a`.`title`,`a`.`cid`,`b`.`pic` FROM `qm_article` `a` INNER JOIN `qm_pics` `b` ON `b`.`aid`=`a`.`id` WHERE  `a`.`cid` = 37  AND `a`.`istop` = 1 [ RunTime:0.000562s ]
[ sql ] [ SQL ] SELECT `a`.`id`,`a`.`title`,`a`.`cid`,`b`.`pic` FROM `qm_article` `a` INNER JOIN `qm_pics` `b` ON `b`.`aid`=`a`.`id` WHERE  `a`.`cid` = 46  AND `a`.`istop` = 1 [ RunTime:0.000618s ]
[ sql ] [ SQL ] SELECT `a`.`id`,`a`.`title`,`a`.`cid`,`b`.`pic` FROM `qm_article` `a` INNER JOIN `qm_pics` `b` ON `b`.`aid`=`a`.`id` WHERE  `a`.`cid` = 47  AND `a`.`istop` = 1 [ RunTime:0.000602s ]
[ sql ] [ SQL ] SELECT `id`,`name`,`pid`,`keyword` FROM `qm_category` WHERE  `id` = 46 [ RunTime:0.000310s ]
[ sql ] [ SQL ] SELECT `id`,`name`,`pid`,`keyword` FROM `qm_category` WHERE  `id` = 33 [ RunTime:0.000305s ]
[ sql ] [ SQL ] SELECT * FROM `qm_category` WHERE  `pid` = 42 LIMIT 1 [ RunTime:0.000365s ]
[ sql ] [ SQL ] SELECT * FROM `qm_category` WHERE  `pid` = 43 LIMIT 1 [ RunTime:0.000350s ]
[ sql ] [ SQL ] SELECT * FROM `qm_category` WHERE  `pid` = 44 LIMIT 1 [ RunTime:0.000336s ]
[ sql ] [ SQL ] SELECT * FROM `qm_category` WHERE  `pid` = 51 LIMIT 1 [ RunTime:0.000329s ]
[ sql ] [ SQL ] SELECT * FROM `qm_category` WHERE  `pid` = 52 LIMIT 1 [ RunTime:0.000333s ]
[ sql ] [ SQL ] SELECT * FROM `qm_category` WHERE  `pid` = 53 LIMIT 1 [ RunTime:0.000360s ]
[ sql ] [ SQL ] SELECT * FROM `qm_category` WHERE  `pid` = 29 LIMIT 1 [ RunTime:0.000324s ]
[ sql ] [ SQL ] SELECT * FROM `qm_category` WHERE  `pid` = 33 LIMIT 1 [ RunTime:0.000333s ]
[ sql ] [ SQL ] SELECT * FROM `qm_category` WHERE  `pid` = 37 LIMIT 1 [ RunTime:0.000349s ]
[ sql ] [ SQL ] SELECT * FROM `qm_category` WHERE  `pid` = 46 LIMIT 1 [ RunTime:0.000327s ]
[ sql ] [ SQL ] SELECT * FROM `qm_category` WHERE  `pid` = 47 LIMIT 1 [ RunTime:0.000335s ]
[ sql ] [ SQL ] SELECT * FROM `qm_category` WHERE  `pid` = 45 LIMIT 1 [ RunTime:0.000337s ]
