---------------------------------------------------------------
[ 2019-04-13T03:31:34+08:00 ] 203.208.60.31 GET /news/show/76.html
[ sql ] [ DB ] CONNECT:[ UseTime:0.001374959945678710937500000000s ] mysql:host=localhost;dbname=1975386453;charset=utf8
[ sql ] [ SQL ] SHOW COLUMNS FROM `qm_category` [ RunTime:0.001816s ]
[ sql ] [ SQL ] SELECT `id`,`name`,`type` FROM `qm_category` WHERE  `pid` = 0  AND `isshow` = 1 ORDER BY `sort` DESC,`id` ASC [ RunTime:0.000669s ]
[ sql ] [ SQL ] SELECT `id`,`name`,`type` FROM `qm_category` WHERE  `pid` = 42  AND `isshow` = 1 ORDER BY `sort` DESC,`id` ASC [ RunTime:0.000355s ]
[ sql ] [ SQL ] SELECT `id`,`name`,`type` FROM `qm_category` WHERE  `pid` = 29  AND `isshow` = 1 ORDER BY `sort` DESC,`id` ASC [ RunTime:0.000322s ]
[ sql ] [ SQL ] SELECT `id`,`name`,`type` FROM `qm_category` WHERE  `pid` = 33  AND `isshow` = 1 ORDER BY `sort` DESC,`id` ASC [ RunTime:0.000336s ]
[ sql ] [ SQL ] SELECT `id`,`name`,`type` FROM `qm_category` WHERE  `pid` = 45  AND `isshow` = 1 ORDER BY `sort` DESC,`id` ASC [ RunTime:0.000335s ]
[ sql ] [ SQL ] SHOW COLUMNS FROM `qm_config` [ RunTime:0.001303s ]
[ sql ] [ SQL ] SELECT `config` FROM `qm_config` LIMIT 1 [ RunTime:0.000390s ]
[ sql ] [ SQL ] SELECT `id`,`name`,`type` FROM `qm_category` WHERE  `mark` = 'news' [ RunTime:0.000295s ]
[ sql ] [ SQL ] SHOW COLUMNS FROM `qm_article` [ RunTime:0.001247s ]
[ sql ] [ SQL ] SELECT `a`.*,`b`.`pic` FROM `qm_article` `a` INNER JOIN `qm_pics` `b` ON `b`.`aid`=`a`.`id` WHERE  `a`.`id` = '76' [ RunTime:0.001452s ]
[ sql ] [ SQL ] SHOW COLUMNS FROM `qm_viewslog` [ RunTime:0.001723s ]
[ sql ] [ SQL ] DELETE FROM `qm_viewslog`    WHERE  `viewtime` <  1555084800 [ RunTime:0.000466s ]
[ sql ] [ SQL ] SELECT * FROM `qm_viewslog` WHERE  `aid` = 76  AND `viewIP` = '203.208.60.31'  AND `viewtime` BETWEEN 1555084800 AND 1555171200 LIMIT 1 [ RunTime:0.000272s ]
[ sql ] [ SQL ] UPDATE `qm_article`  SET `views`=`views`+1  WHERE  `id` = 76 [ RunTime:0.000422s ]
[ sql ] [ SQL ] INSERT INTO `qm_viewslog` (`aid` , `viewIP` , `viewtime`) VALUES (76 , '203.208.60.31' , 1555097494) [ RunTime:0.000302s ]
[ sql ] [ SQL ] SHOW COLUMNS FROM `qm_comment` [ RunTime:0.001631s ]
[ sql ] [ SQL ] SELECT COUNT(*) AS tp_count FROM `qm_comment` WHERE  `aid` = 76 LIMIT 1 [ RunTime:0.000311s ]
[ sql ] [ SQL ] SELECT * FROM `qm_comment` WHERE  `aid` = 76 LIMIT 0,5 [ RunTime:0.000314s ]
[ sql ] [ SQL ] SHOW COLUMNS FROM `qm_fabullog` [ RunTime:0.001692s ]
[ sql ] [ SQL ] SELECT `id` FROM `qm_fabullog` WHERE  `aid` = 76  AND `uip` = '203.208.60.31' LIMIT 1 [ RunTime:0.000583s ]
[ sql ] [ SQL ] SELECT `a`.`id` FROM `qm_comment` `a` INNER JOIN `qm_fabullog` `b` ON `a`.`id`=`b`.`cid` WHERE  `a`.`aid` = '76'  AND `b`.`uip` = '203.208.60.31' [ RunTime:0.000308s ]
[ sql ] [ SQL ] SELECT * FROM `qm_category` WHERE  `pid` = 42 LIMIT 1 [ RunTime:0.000401s ]
[ sql ] [ SQL ] SELECT * FROM `qm_category` WHERE  `pid` = 43 LIMIT 1 [ RunTime:0.000335s ]
[ sql ] [ SQL ] SELECT * FROM `qm_category` WHERE  `pid` = 44 LIMIT 1 [ RunTime:0.000311s ]
[ sql ] [ SQL ] SELECT * FROM `qm_category` WHERE  `pid` = 51 LIMIT 1 [ RunTime:0.000333s ]
[ sql ] [ SQL ] SELECT * FROM `qm_category` WHERE  `pid` = 52 LIMIT 1 [ RunTime:0.000309s ]
[ sql ] [ SQL ] SELECT * FROM `qm_category` WHERE  `pid` = 53 LIMIT 1 [ RunTime:0.000319s ]
[ sql ] [ SQL ] SELECT * FROM `qm_category` WHERE  `pid` = 29 LIMIT 1 [ RunTime:0.000326s ]
[ sql ] [ SQL ] SELECT * FROM `qm_category` WHERE  `pid` = 33 LIMIT 1 [ RunTime:0.000305s ]
[ sql ] [ SQL ] SELECT * FROM `qm_category` WHERE  `pid` = 37 LIMIT 1 [ RunTime:0.000333s ]
[ sql ] [ SQL ] SELECT * FROM `qm_category` WHERE  `pid` = 46 LIMIT 1 [ RunTime:0.000321s ]
[ sql ] [ SQL ] SELECT * FROM `qm_category` WHERE  `pid` = 47 LIMIT 1 [ RunTime:0.000306s ]
[ sql ] [ SQL ] SELECT * FROM `qm_category` WHERE  `pid` = 45 LIMIT 1 [ RunTime:0.000317s ]
[ sql ] [ SQL ] SELECT `pic`,`pid` FROM `qm_category` WHERE  `id` = 44 LIMIT 1 [ RunTime:0.000290s ]
[ sql ] [ SQL ] SELECT `pic`,`pid` FROM `qm_category` WHERE  `id` = 42 LIMIT 1 [ RunTime:0.000286s ]
[ sql ] [ SQL ] SELECT `id`,`name`,`pid` FROM `qm_category` WHERE  `id` = 44 LIMIT 1 [ RunTime:0.000286s ]
[ sql ] [ SQL ] SELECT `id`,`name`,`pid` FROM `qm_category` WHERE  `id` = 42 LIMIT 1 [ RunTime:0.000270s ]
[ sql ] [ SQL ] SELECT * FROM `qm_category` WHERE  `pid` = 43 LIMIT 1 [ RunTime:0.000325s ]
[ sql ] [ SQL ] SELECT * FROM `qm_category` WHERE  `pid` = 44 LIMIT 1 [ RunTime:0.000308s ]
[ sql ] [ SQL ] SELECT * FROM `qm_category` WHERE  `pid` = 51 LIMIT 1 [ RunTime:0.000317s ]
[ sql ] [ SQL ] SELECT * FROM `qm_category` WHERE  `pid` = 52 LIMIT 1 [ RunTime:0.000318s ]
[ sql ] [ SQL ] SELECT * FROM `qm_category` WHERE  `pid` = 53 LIMIT 1 [ RunTime:0.000307s ]
---------------------------------------------------------------
[ 2019-04-13T11:02:53+08:00 ] 115.56.114.42 GET /
[ sql ] [ DB ] CONNECT:[ UseTime:0.001557111740112304687500000000s ] mysql:host=localhost;dbname=1975386453;charset=utf8
[ sql ] [ SQL ] SHOW COLUMNS FROM `qm_category` [ RunTime:0.001709s ]
[ sql ] [ SQL ] SELECT `id`,`name`,`type` FROM `qm_category` WHERE  `pid` = 0  AND `isshow` = 1 ORDER BY `sort` DESC,`id` ASC [ RunTime:0.000641s ]
[ sql ] [ SQL ] SELECT `id`,`name`,`type` FROM `qm_category` WHERE  `pid` = 42  AND `isshow` = 1 ORDER BY `sort` DESC,`id` ASC [ RunTime:0.000354s ]
[ sql ] [ SQL ] SELECT `id`,`name`,`type` FROM `qm_category` WHERE  `pid` = 29  AND `isshow` = 1 ORDER BY `sort` DESC,`id` ASC [ RunTime:0.000359s ]
[ sql ] [ SQL ] SELECT `id`,`name`,`type` FROM `qm_category` WHERE  `pid` = 33  AND `isshow` = 1 ORDER BY `sort` DESC,`id` ASC [ RunTime:0.000324s ]
[ sql ] [ SQL ] SELECT `id`,`name`,`type` FROM `qm_category` WHERE  `pid` = 45  AND `isshow` = 1 ORDER BY `sort` DESC,`id` ASC [ RunTime:0.000355s ]
[ sql ] [ SQL ] SHOW COLUMNS FROM `qm_config` [ RunTime:0.001373s ]
[ sql ] [ SQL ] SELECT `config` FROM `qm_config` LIMIT 1 [ RunTime:0.000443s ]
[ sql ] [ SQL ] SHOW COLUMNS FROM `qm_banner` [ RunTime:0.001265s ]
[ sql ] [ SQL ] SELECT `title`,`pic`,`url` FROM `qm_banner` WHERE  `isshow` = 1 ORDER BY `sort` ASC [ RunTime:0.000443s ]
[ sql ] [ SQL ] SELECT `content`,`name`,`keyword` FROM `qm_category` WHERE  `mark` = 'about' LIMIT 1 [ RunTime:0.000322s ]
[ sql ] [ SQL ] SELECT `id` FROM `qm_category` WHERE  `mark` = 'pictures' LIMIT 1 [ RunTime:0.000345s ]
[ sql ] [ SQL ] SELECT `id`,`name` FROM `qm_category` WHERE  `pid` = 33 [ RunTime:0.000359s ]
[ sql ] [ SQL ] SHOW COLUMNS FROM `qm_article` [ RunTime:0.001315s ]
[ sql ] [ SQL ] SELECT `a`.`id`,`a`.`title`,`a`.`cid`,`b`.`pic` FROM `qm_article` `a` INNER JOIN `qm_pics` `b` ON `b`.`aid`=`a`.`id` WHERE  `a`.`cid` = 37  AND `a`.`istop` = 1 [ RunTime:0.028049s ]
[ sql ] [ SQL ] SELECT `a`.`id`,`a`.`title`,`a`.`cid`,`b`.`pic` FROM `qm_article` `a` INNER JOIN `qm_pics` `b` ON `b`.`aid`=`a`.`id` WHERE  `a`.`cid` = 46  AND `a`.`istop` = 1 [ RunTime:0.000795s ]
[ sql ] [ SQL ] SELECT `a`.`id`,`a`.`title`,`a`.`cid`,`b`.`pic` FROM `qm_article` `a` INNER JOIN `qm_pics` `b` ON `b`.`aid`=`a`.`id` WHERE  `a`.`cid` = 47  AND `a`.`istop` = 1 [ RunTime:0.000542s ]
[ sql ] [ SQL ] SELECT `id`,`name`,`pid`,`keyword` FROM `qm_category` WHERE  `id` = 46 [ RunTime:0.000302s ]
[ sql ] [ SQL ] SELECT `id`,`name`,`pid`,`keyword` FROM `qm_category` WHERE  `id` = 33 [ RunTime:0.000292s ]
[ sql ] [ SQL ] SELECT * FROM `qm_category` WHERE  `pid` = 42 LIMIT 1 [ RunTime:0.000517s ]
[ sql ] [ SQL ] SELECT * FROM `qm_category` WHERE  `pid` = 43 LIMIT 1 [ RunTime:0.000364s ]
[ sql ] [ SQL ] SELECT * FROM `qm_category` WHERE  `pid` = 44 LIMIT 1 [ RunTime:0.000331s ]
[ sql ] [ SQL ] SELECT * FROM `qm_category` WHERE  `pid` = 51 LIMIT 1 [ RunTime:0.000346s ]
[ sql ] [ SQL ] SELECT * FROM `qm_category` WHERE  `pid` = 52 LIMIT 1 [ RunTime:0.000338s ]
[ sql ] [ SQL ] SELECT * FROM `qm_category` WHERE  `pid` = 53 LIMIT 1 [ RunTime:0.000327s ]
[ sql ] [ SQL ] SELECT * FROM `qm_category` WHERE  `pid` = 29 LIMIT 1 [ RunTime:0.000366s ]
[ sql ] [ SQL ] SELECT * FROM `qm_category` WHERE  `pid` = 33 LIMIT 1 [ RunTime:0.000339s ]
[ sql ] [ SQL ] SELECT * FROM `qm_category` WHERE  `pid` = 37 LIMIT 1 [ RunTime:0.000330s ]
[ sql ] [ SQL ] SELECT * FROM `qm_category` WHERE  `pid` = 46 LIMIT 1 [ RunTime:0.000369s ]
[ sql ] [ SQL ] SELECT * FROM `qm_category` WHERE  `pid` = 47 LIMIT 1 [ RunTime:0.000339s ]
[ sql ] [ SQL ] SELECT * FROM `qm_category` WHERE  `pid` = 45 LIMIT 1 [ RunTime:0.000341s ]
---------------------------------------------------------------
[ 2019-04-13T18:10:25+08:00 ] 180.76.15.32 GET /news/show/111.html
[ sql ] [ DB ] CONNECT:[ UseTime:0.002318859100341796875000000000s ] mysql:host=localhost;dbname=1975386453;charset=utf8
[ sql ] [ SQL ] SHOW COLUMNS FROM `qm_category` [ RunTime:0.014037s ]
[ sql ] [ SQL ] SELECT `id`,`name`,`type` FROM `qm_category` WHERE  `pid` = 0  AND `isshow` = 1 ORDER BY `sort` DESC,`id` ASC [ RunTime:0.000855s ]
[ sql ] [ SQL ] SELECT `id`,`name`,`type` FROM `qm_category` WHERE  `pid` = 42  AND `isshow` = 1 ORDER BY `sort` DESC,`id` ASC [ RunTime:0.000469s ]
[ sql ] [ SQL ] SELECT `id`,`name`,`type` FROM `qm_category` WHERE  `pid` = 29  AND `isshow` = 1 ORDER BY `sort` DESC,`id` ASC [ RunTime:0.000452s ]
[ sql ] [ SQL ] SELECT `id`,`name`,`type` FROM `qm_category` WHERE  `pid` = 33  AND `isshow` = 1 ORDER BY `sort` DESC,`id` ASC [ RunTime:0.000455s ]
[ sql ] [ SQL ] SELECT `id`,`name`,`type` FROM `qm_category` WHERE  `pid` = 45  AND `isshow` = 1 ORDER BY `sort` DESC,`id` ASC [ RunTime:0.000445s ]
[ sql ] [ SQL ] SHOW COLUMNS FROM `qm_config` [ RunTime:0.002239s ]
[ sql ] [ SQL ] SELECT `config` FROM `qm_config` LIMIT 1 [ RunTime:0.000461s ]
[ sql ] [ SQL ] SELECT `id`,`name`,`type` FROM `qm_category` WHERE  `mark` = 'news' [ RunTime:0.000399s ]
[ sql ] [ SQL ] SHOW COLUMNS FROM `qm_article` [ RunTime:0.001840s ]
[ sql ] [ SQL ] SELECT `a`.*,`b`.`pic` FROM `qm_article` `a` INNER JOIN `qm_pics` `b` ON `b`.`aid`=`a`.`id` WHERE  `a`.`id` = '111' [ RunTime:0.002087s ]
[ sql ] [ SQL ] SHOW COLUMNS FROM `qm_viewslog` [ RunTime:0.020204s ]
[ sql ] [ SQL ] DELETE FROM `qm_viewslog`    WHERE  `viewtime` <  1555084800 [ RunTime:0.000711s ]
[ sql ] [ SQL ] SELECT * FROM `qm_viewslog` WHERE  `aid` = 111  AND `viewIP` = '180.76.15.32'  AND `viewtime` BETWEEN 1555084800 AND 1555171200 LIMIT 1 [ RunTime:0.000459s ]
[ sql ] [ SQL ] UPDATE `qm_article`  SET `views`=`views`+1  WHERE  `id` = 111 [ RunTime:0.000696s ]
[ sql ] [ SQL ] INSERT INTO `qm_viewslog` (`aid` , `viewIP` , `viewtime`) VALUES (111 , '180.76.15.32' , 1555150225) [ RunTime:0.000438s ]
[ sql ] [ SQL ] SHOW COLUMNS FROM `qm_comment` [ RunTime:0.002387s ]
[ sql ] [ SQL ] SELECT COUNT(*) AS tp_count FROM `qm_comment` WHERE  `aid` = 111 LIMIT 1 [ RunTime:0.000398s ]
[ sql ] [ SQL ] SELECT * FROM `qm_comment` WHERE  `aid` = 111 LIMIT 0,5 [ RunTime:0.000353s ]
[ sql ] [ SQL ] SHOW COLUMNS FROM `qm_fabullog` [ RunTime:0.002256s ]
[ sql ] [ SQL ] SELECT `id` FROM `qm_fabullog` WHERE  `aid` = 111  AND `uip` = '180.76.15.32' LIMIT 1 [ RunTime:0.000488s ]
[ sql ] [ SQL ] SELECT `a`.`id` FROM `qm_comment` `a` INNER JOIN `qm_fabullog` `b` ON `a`.`id`=`b`.`cid` WHERE  `a`.`aid` = '111'  AND `b`.`uip` = '180.76.15.32' [ RunTime:0.000402s ]
[ sql ] [ SQL ] SELECT * FROM `qm_category` WHERE  `pid` = 42 LIMIT 1 [ RunTime:0.000768s ]
[ sql ] [ SQL ] SELECT * FROM `qm_category` WHERE  `pid` = 43 LIMIT 1 [ RunTime:0.000430s ]
[ sql ] [ SQL ] SELECT * FROM `qm_category` WHERE  `pid` = 44 LIMIT 1 [ RunTime:0.000417s ]
[ sql ] [ SQL ] SELECT * FROM `qm_category` WHERE  `pid` = 51 LIMIT 1 [ RunTime:0.000416s ]
[ sql ] [ SQL ] SELECT * FROM `qm_category` WHERE  `pid` = 52 LIMIT 1 [ RunTime:0.000415s ]
[ sql ] [ SQL ] SELECT * FROM `qm_category` WHERE  `pid` = 53 LIMIT 1 [ RunTime:0.000426s ]
[ sql ] [ SQL ] SELECT * FROM `qm_category` WHERE  `pid` = 29 LIMIT 1 [ RunTime:0.000424s ]
[ sql ] [ SQL ] SELECT * FROM `qm_category` WHERE  `pid` = 33 LIMIT 1 [ RunTime:0.000439s ]
[ sql ] [ SQL ] SELECT * FROM `qm_category` WHERE  `pid` = 37 LIMIT 1 [ RunTime:0.000381s ]
[ sql ] [ SQL ] SELECT * FROM `qm_category` WHERE  `pid` = 46 LIMIT 1 [ RunTime:0.000407s ]
[ sql ] [ SQL ] SELECT * FROM `qm_category` WHERE  `pid` = 47 LIMIT 1 [ RunTime:0.000415s ]
[ sql ] [ SQL ] SELECT * FROM `qm_category` WHERE  `pid` = 45 LIMIT 1 [ RunTime:0.000429s ]
[ sql ] [ SQL ] SELECT `pic`,`pid` FROM `qm_category` WHERE  `id` = 53 LIMIT 1 [ RunTime:0.000389s ]
[ sql ] [ SQL ] SELECT `pic`,`pid` FROM `qm_category` WHERE  `id` = 42 LIMIT 1 [ RunTime:0.000346s ]
[ sql ] [ SQL ] SELECT `id`,`name`,`pid` FROM `qm_category` WHERE  `id` = 53 LIMIT 1 [ RunTime:0.000351s ]
[ sql ] [ SQL ] SELECT `id`,`name`,`pid` FROM `qm_category` WHERE  `id` = 42 LIMIT 1 [ RunTime:0.000350s ]
[ sql ] [ SQL ] SELECT * FROM `qm_category` WHERE  `pid` = 43 LIMIT 1 [ RunTime:0.000416s ]
[ sql ] [ SQL ] SELECT * FROM `qm_category` WHERE  `pid` = 44 LIMIT 1 [ RunTime:0.000431s ]
[ sql ] [ SQL ] SELECT * FROM `qm_category` WHERE  `pid` = 51 LIMIT 1 [ RunTime:0.000417s ]
[ sql ] [ SQL ] SELECT * FROM `qm_category` WHERE  `pid` = 52 LIMIT 1 [ RunTime:0.000428s ]
[ sql ] [ SQL ] SELECT * FROM `qm_category` WHERE  `pid` = 53 LIMIT 1 [ RunTime:0.000419s ]
---------------------------------------------------------------
[ 2019-04-13T21:59:08+08:00 ] 183.145.170.132 GET /
[ sql ] [ DB ] CONNECT:[ UseTime:0.001545190811157226562500000000s ] mysql:host=localhost;dbname=1975386453;charset=utf8
[ sql ] [ SQL ] SHOW COLUMNS FROM `qm_category` [ RunTime:0.001664s ]
[ sql ] [ SQL ] SELECT `id`,`name`,`type` FROM `qm_category` WHERE  `pid` = 0  AND `isshow` = 1 ORDER BY `sort` DESC,`id` ASC [ RunTime:0.000454s ]
[ sql ] [ SQL ] SELECT `id`,`name`,`type` FROM `qm_category` WHERE  `pid` = 42  AND `isshow` = 1 ORDER BY `sort` DESC,`id` ASC [ RunTime:0.000371s ]
[ sql ] [ SQL ] SELECT `id`,`name`,`type` FROM `qm_category` WHERE  `pid` = 29  AND `isshow` = 1 ORDER BY `sort` DESC,`id` ASC [ RunTime:0.000352s ]
[ sql ] [ SQL ] SELECT `id`,`name`,`type` FROM `qm_category` WHERE  `pid` = 33  AND `isshow` = 1 ORDER BY `sort` DESC,`id` ASC [ RunTime:0.000331s ]
[ sql ] [ SQL ] SELECT `id`,`name`,`type` FROM `qm_category` WHERE  `pid` = 45  AND `isshow` = 1 ORDER BY `sort` DESC,`id` ASC [ RunTime:0.000357s ]
[ sql ] [ SQL ] SHOW COLUMNS FROM `qm_config` [ RunTime:0.001508s ]
[ sql ] [ SQL ] SELECT `config` FROM `qm_config` LIMIT 1 [ RunTime:0.000406s ]
[ sql ] [ SQL ] SHOW COLUMNS FROM `qm_banner` [ RunTime:0.001504s ]
[ sql ] [ SQL ] SELECT `title`,`pic`,`url` FROM `qm_banner` WHERE  `isshow` = 1 ORDER BY `sort` ASC [ RunTime:0.000419s ]
[ sql ] [ SQL ] SELECT `content`,`name`,`keyword` FROM `qm_category` WHERE  `mark` = 'about' LIMIT 1 [ RunTime:0.000313s ]
[ sql ] [ SQL ] SELECT `id` FROM `qm_category` WHERE  `mark` = 'pictures' LIMIT 1 [ RunTime:0.000271s ]
[ sql ] [ SQL ] SELECT `id`,`name` FROM `qm_category` WHERE  `pid` = 33 [ RunTime:0.000325s ]
[ sql ] [ SQL ] SHOW COLUMNS FROM `qm_article` [ RunTime:0.001113s ]
[ sql ] [ SQL ] SELECT `a`.`id`,`a`.`title`,`a`.`cid`,`b`.`pic` FROM `qm_article` `a` INNER JOIN `qm_pics` `b` ON `b`.`aid`=`a`.`id` WHERE  `a`.`cid` = 37  AND `a`.`istop` = 1 [ RunTime:0.045710s ]
[ sql ] [ SQL ] SELECT `a`.`id`,`a`.`title`,`a`.`cid`,`b`.`pic` FROM `qm_article` `a` INNER JOIN `qm_pics` `b` ON `b`.`aid`=`a`.`id` WHERE  `a`.`cid` = 46  AND `a`.`istop` = 1 [ RunTime:0.000781s ]
[ sql ] [ SQL ] SELECT `a`.`id`,`a`.`title`,`a`.`cid`,`b`.`pic` FROM `qm_article` `a` INNER JOIN `qm_pics` `b` ON `b`.`aid`=`a`.`id` WHERE  `a`.`cid` = 47  AND `a`.`istop` = 1 [ RunTime:0.000583s ]
[ sql ] [ SQL ] SELECT `id`,`name`,`pid`,`keyword` FROM `qm_category` WHERE  `id` = 46 [ RunTime:0.000292s ]
[ sql ] [ SQL ] SELECT `id`,`name`,`pid`,`keyword` FROM `qm_category` WHERE  `id` = 33 [ RunTime:0.000275s ]
[ sql ] [ SQL ] SELECT * FROM `qm_category` WHERE  `pid` = 42 LIMIT 1 [ RunTime:0.000388s ]
[ sql ] [ SQL ] SELECT * FROM `qm_category` WHERE  `pid` = 43 LIMIT 1 [ RunTime:0.000311s ]
[ sql ] [ SQL ] SELECT * FROM `qm_category` WHERE  `pid` = 44 LIMIT 1 [ RunTime:0.000324s ]
[ sql ] [ SQL ] SELECT * FROM `qm_category` WHERE  `pid` = 51 LIMIT 1 [ RunTime:0.000305s ]
[ sql ] [ SQL ] SELECT * FROM `qm_category` WHERE  `pid` = 52 LIMIT 1 [ RunTime:0.000327s ]
[ sql ] [ SQL ] SELECT * FROM `qm_category` WHERE  `pid` = 53 LIMIT 1 [ RunTime:0.000302s ]
[ sql ] [ SQL ] SELECT * FROM `qm_category` WHERE  `pid` = 29 LIMIT 1 [ RunTime:0.000306s ]
[ sql ] [ SQL ] SELECT * FROM `qm_category` WHERE  `pid` = 33 LIMIT 1 [ RunTime:0.000321s ]
[ sql ] [ SQL ] SELECT * FROM `qm_category` WHERE  `pid` = 37 LIMIT 1 [ RunTime:0.000306s ]
[ sql ] [ SQL ] SELECT * FROM `qm_category` WHERE  `pid` = 46 LIMIT 1 [ RunTime:0.000413s ]
[ sql ] [ SQL ] SELECT * FROM `qm_category` WHERE  `pid` = 47 LIMIT 1 [ RunTime:0.000414s ]
[ sql ] [ SQL ] SELECT * FROM `qm_category` WHERE  `pid` = 45 LIMIT 1 [ RunTime:0.000309s ]
